VirtualBox 4.1.18 r78361 linux.amd64 (Jun 20 2012 13:09:34) release log
00:00:00.423 Log opened 2013-03-26T11:32:29.007746000Z
00:00:00.424 OS Product: Linux
00:00:00.424 OS Release: 2.6.32-279.11.1.el6.x86_64
00:00:00.424 OS Version: #1 SMP Tue Oct 16 11:16:02 CDT 2012
00:00:00.424 DMI Product Name: OptiPlex 780                 
00:00:00.424 DMI Product Version: 
00:00:00.424 Host RAM: 3797MB RAM, available: 1917MB
00:00:00.424 Executable: /usr/lib/virtualbox/VirtualBox
00:00:00.424 Process ID: 19320
00:00:00.424 Package type: LINUX_64BITS_RHEL_6
00:00:00.424 Installed Extension Packs:
00:00:00.424   Oracle VM VirtualBox Extension Pack (Version: 4.1.18 r78361; VRDE Module: VBoxVRDP)
00:00:00.445 Using XKB for keycode to scan code conversion
00:00:00.720 SUP: Loaded VMMR0.r0 (/usr/lib/virtualbox/VMMR0.r0) at 0xffffffffa0581320 - ModuleInit at ffffffffa0598560 and ModuleTerm at ffffffffa0598530
00:00:00.720 SUP: VMMR0EntryEx located at ffffffffa0598450, VMMR0EntryFast at ffffffffa0597330 and VMMR0EntryInt at ffffffffa0597130
00:00:00.796 File system of '/afs/inf.ed.ac.uk/user/s10/s1006260/CCN/DummynetSL6/Snapshots' (snapshots) is unknown
00:00:00.796 File system of '/afs/inf.ed.ac.uk/user/s10/s1006260/CCN/dummynetwork.vdi' is unknown
00:00:00.798 File system of '/afs/inf.ed.ac.uk/user/s10/s1006260/CCN/DummynetSL6/Snapshots/{102398f2-5b7e-47b6-8149-4dd98550be40}.vdi' is unknown
00:00:00.809 VBoxSharedClipboard mode: Bidirectional
00:00:00.816 ************************* CFGM dump *************************
00:00:00.816 [/] (level 0)
00:00:00.816   CSAMEnabled     <integer> = 0x0000000000000001 (1)
00:00:00.816   CpuExecutionCap <integer> = 0x0000000000000064 (100)
00:00:00.816   EnablePAE       <integer> = 0x0000000000000001 (1)
00:00:00.816   HwVirtExtForced <integer> = 0x0000000000000000 (0)
00:00:00.816   MemBalloonSize  <integer> = 0x0000000000000000 (0)
00:00:00.816   Name            <string>  = "DummynetSL6" (cb=12)
00:00:00.816   NumCPUs         <integer> = 0x0000000000000001 (1)
00:00:00.816   PATMEnabled     <integer> = 0x0000000000000001 (1)
00:00:00.816   PageFusion      <integer> = 0x0000000000000000 (0)
00:00:00.816   RamHoleSize     <integer> = 0x0000000020000000 (536 870 912, 512 MB)
00:00:00.816   RamSize         <integer> = 0x0000000020000000 (536 870 912, 512 MB)
00:00:00.816   RawR0Enabled    <integer> = 0x0000000000000001 (1)
00:00:00.816   RawR3Enabled    <integer> = 0x0000000000000001 (1)
00:00:00.816   TimerMillies    <integer> = 0x000000000000000a (10)
00:00:00.816   UUID            <bytes>   = "21 82 f8 52 d3 f2 a3 48 b1 7f 93 6c 0e 03 25 fe" (cb=16)
00:00:00.816 
00:00:00.816 [/CPUM/] (level 1)
00:00:00.816   SyntheticCpu <integer> = 0x0000000000000000 (0)
00:00:00.816 
00:00:00.816 [/Devices/] (level 1)
00:00:00.816 
00:00:00.816 [/Devices/8237A/] (level 2)
00:00:00.816 
00:00:00.816 [/Devices/8237A/0/] (level 3)
00:00:00.816   Trusted <integer> = 0x0000000000000001 (1)
00:00:00.816 
00:00:00.816 [/Devices/AudioSniffer/] (level 2)
00:00:00.816 
00:00:00.816 [/Devices/AudioSniffer/0/] (level 3)
00:00:00.816 
00:00:00.816 [/Devices/AudioSniffer/0/Config/] (level 4)
00:00:00.816 
00:00:00.816 [/Devices/AudioSniffer/0/LUN#0/] (level 4)
00:00:00.816   Driver <string>  = "MainAudioSniffer" (cb=17)
00:00:00.816 
00:00:00.816 [/Devices/AudioSniffer/0/LUN#0/Config/] (level 5)
00:00:00.816   Object <integer> = 0x00007f78800126c0 (140 155 520 362 176)
00:00:00.816 
00:00:00.816 [/Devices/VMMDev/] (level 2)
00:00:00.816 
00:00:00.816 [/Devices/VMMDev/0/] (level 3)
00:00:00.816   PCIBusNo      <integer> = 0x0000000000000000 (0)
00:00:00.816   PCIDeviceNo   <integer> = 0x0000000000000004 (4)
00:00:00.816   PCIFunctionNo <integer> = 0x0000000000000000 (0)
00:00:00.816   Trusted       <integer> = 0x0000000000000001 (1)
00:00:00.816 
00:00:00.816 [/Devices/VMMDev/0/Config/] (level 4)
00:00:00.816   GuestCoreDumpDir <string>  = "/afs/inf.ed.ac.uk/user/s10/s1006260/CCN/DummynetSL6/Snapshots" (cb=62)
00:00:00.816   RamSize          <integer> = 0x0000000020000000 (536 870 912, 512 MB)
00:00:00.816 
00:00:00.816 [/Devices/VMMDev/0/LUN#0/] (level 4)
00:00:00.816   Driver <string>  = "HGCM" (cb=5)
00:00:00.816 
00:00:00.816 [/Devices/VMMDev/0/LUN#0/Config/] (level 5)
00:00:00.816   Object <integer> = 0x00007f7884004fc0 (140 155 587 416 000)
00:00:00.816 
00:00:00.816 [/Devices/VMMDev/0/LUN#999/] (level 4)
00:00:00.816   Driver <string>  = "MainStatus" (cb=11)
00:00:00.816 
00:00:00.816 [/Devices/VMMDev/0/LUN#999/Config/] (level 5)
00:00:00.816   First   <integer> = 0x0000000000000000 (0)
00:00:00.816   Last    <integer> = 0x0000000000000000 (0)
00:00:00.816   papLeds <integer> = 0x00007f7880001648 (140 155 520 292 424)
00:00:00.816 
00:00:00.816 [/Devices/acpi/] (level 2)
00:00:00.816 
00:00:00.816 [/Devices/acpi/0/] (level 3)
00:00:00.816   PCIBusNo      <integer> = 0x0000000000000000 (0)
00:00:00.816   PCIDeviceNo   <integer> = 0x0000000000000007 (7)
00:00:00.816   PCIFunctionNo <integer> = 0x0000000000000000 (0)
00:00:00.816   Trusted       <integer> = 0x0000000000000001 (1)
00:00:00.816 
00:00:00.816 [/Devices/acpi/0/Config/] (level 4)
00:00:00.816   CpuHotPlug        <integer> = 0x0000000000000000 (0)
00:00:00.816   FdcEnabled        <integer> = 0x0000000000000000 (0)
00:00:00.816   HostBusPciAddress <integer> = 0x0000000000000000 (0)
00:00:00.816   HpetEnabled       <integer> = 0x0000000000000000 (0)
00:00:00.816   IOAPIC            <integer> = 0x0000000000000000 (0)
00:00:00.816   IocPciAddress     <integer> = 0x0000000000010000 (65 536)
00:00:00.816   NumCPUs           <integer> = 0x0000000000000001 (1)
00:00:00.816   RamHoleSize       <integer> = 0x0000000020000000 (536 870 912, 512 MB)
00:00:00.816   RamSize           <integer> = 0x0000000020000000 (536 870 912, 512 MB)
00:00:00.816   Serial0IoPortBase <integer> = 0x0000000000000000 (0)
00:00:00.816   Serial0Irq        <integer> = 0x0000000000000000 (0)
00:00:00.816   Serial1IoPortBase <integer> = 0x0000000000000000 (0)
00:00:00.816   Serial1Irq        <integer> = 0x0000000000000000 (0)
00:00:00.816   ShowCpu           <integer> = 0x0000000000000000 (0)
00:00:00.816   ShowRtc           <integer> = 0x0000000000000000 (0)
00:00:00.816   SmcEnabled        <integer> = 0x0000000000000000 (0)
00:00:00.816 
00:00:00.816 [/Devices/acpi/0/LUN#0/] (level 4)
00:00:00.816   Driver <string>  = "ACPIHost" (cb=9)
00:00:00.816 
00:00:00.816 [/Devices/acpi/0/LUN#0/Config/] (level 5)
00:00:00.816 
00:00:00.816 [/Devices/ahci/] (level 2)
00:00:00.816 
00:00:00.816 [/Devices/ahci/0/] (level 3)
00:00:00.816   PCIBusNo      <integer> = 0x0000000000000000 (0)
00:00:00.816   PCIDeviceNo   <integer> = 0x000000000000000d (13)
00:00:00.816   PCIFunctionNo <integer> = 0x0000000000000000 (0)
00:00:00.816   Trusted       <integer> = 0x0000000000000001 (1)
00:00:00.816 
00:00:00.816 [/Devices/ahci/0/Config/] (level 4)
00:00:00.816   Bootable        <integer> = 0x0000000000000001 (1)
00:00:00.816   PortCount       <integer> = 0x000000000000001e (30)
00:00:00.816   PrimaryMaster   <integer> = 0x0000000000000000 (0)
00:00:00.816   PrimarySlave    <integer> = 0x0000000000000001 (1)
00:00:00.816   SecondaryMaster <integer> = 0x0000000000000002 (2)
00:00:00.816   SecondarySlave  <integer> = 0x0000000000000003 (3)
00:00:00.816 
00:00:00.816 [/Devices/ahci/0/Config/Port0/] (level 5)
00:00:00.816   NonRotationalMedium <integer> = 0x0000000000000000 (0)
00:00:00.816 
00:00:00.816 [/Devices/ahci/0/Config/Port1/] (level 5)
00:00:00.816   NonRotationalMedium <integer> = 0x0000000000000000 (0)
00:00:00.816 
00:00:00.816 [/Devices/ahci/0/LUN#0/] (level 4)
00:00:00.816   Driver <string>  = "Block" (cb=6)
00:00:00.816 
00:00:00.816 [/Devices/ahci/0/LUN#0/AttachedDriver/] (level 5)
00:00:00.816   Driver <string>  = "VD" (cb=3)
00:00:00.816 
00:00:00.816 [/Devices/ahci/0/LUN#0/AttachedDriver/Config/] (level 6)
00:00:00.816   BlockCache <integer> = 0x0000000000000001 (1)
00:00:00.816   Format     <string>  = "VDI" (cb=4)
00:00:00.816   Path       <string>  = "/afs/inf.ed.ac.uk/user/s10/s1006260/CCN/DummynetSL6/Snapshots/{102398f2-5b7e-47b6-8149-4dd98550be40}.vdi" (cb=105)
00:00:00.816   Type       <string>  = "HardDisk" (cb=9)
00:00:00.816   UseNewIo   <integer> = 0x0000000000000001 (1)
00:00:00.816 
00:00:00.816 [/Devices/ahci/0/LUN#0/AttachedDriver/Config/Parent/] (level 7)
00:00:00.816   Format <string>  = "VDI" (cb=4)
00:00:00.816   Path   <string>  = "/disk/scratch/dummynet/DummynetSL6.vdi" (cb=39)
00:00:00.816 
00:00:00.816 [/Devices/ahci/0/LUN#0/Config/] (level 5)
00:00:00.816   Mountable <integer> = 0x0000000000000000 (0)
00:00:00.816   Type      <string>  = "HardDisk" (cb=9)
00:00:00.816 
00:00:00.816 [/Devices/ahci/0/LUN#1/] (level 4)
00:00:00.816   Driver <string>  = "Block" (cb=6)
00:00:00.816 
00:00:00.816 [/Devices/ahci/0/LUN#1/AttachedDriver/] (level 5)
00:00:00.816   Driver <string>  = "VD" (cb=3)
00:00:00.816 
00:00:00.816 [/Devices/ahci/0/LUN#1/AttachedDriver/Config/] (level 6)
00:00:00.816   BlockCache <integer> = 0x0000000000000001 (1)
00:00:00.816   Format     <string>  = "VDI" (cb=4)
00:00:00.816   Path       <string>  = "/afs/inf.ed.ac.uk/user/s10/s1006260/CCN/dummynetwork.vdi" (cb=57)
00:00:00.816   Type       <string>  = "HardDisk" (cb=9)
00:00:00.816   UseNewIo   <integer> = 0x0000000000000001 (1)
00:00:00.816 
00:00:00.816 [/Devices/ahci/0/LUN#1/Config/] (level 5)
00:00:00.816   Mountable <integer> = 0x0000000000000000 (0)
00:00:00.816   Type      <string>  = "HardDisk" (cb=9)
00:00:00.816 
00:00:00.816 [/Devices/ahci/0/LUN#999/] (level 4)
00:00:00.816   Driver <string>  = "MainStatus" (cb=11)
00:00:00.816 
00:00:00.816 [/Devices/ahci/0/LUN#999/Config/] (level 5)
00:00:00.816   DeviceInstance        <string>  = "ahci/0" (cb=7)
00:00:00.816   First                 <integer> = 0x0000000000000000 (0)
00:00:00.816   Last                  <integer> = 0x000000000000001d (29)
00:00:00.816   pConsole              <integer> = 0x00007f7880001150 (140 155 520 291 152)
00:00:00.816   papLeds               <integer> = 0x00007f7880001458 (140 155 520 291 928)
00:00:00.816   pmapMediumAttachments <integer> = 0x00007f7880001660 (140 155 520 292 448)
00:00:00.816 
00:00:00.816 [/Devices/apic/] (level 2)
00:00:00.816 
00:00:00.816 [/Devices/apic/0/] (level 3)
00:00:00.816   Trusted <integer> = 0x0000000000000001 (1)
00:00:00.816 
00:00:00.816 [/Devices/apic/0/Config/] (level 4)
00:00:00.816   IOAPIC  <integer> = 0x0000000000000000 (0)
00:00:00.816   NumCPUs <integer> = 0x0000000000000001 (1)
00:00:00.816 
00:00:00.816 [/Devices/e1000/] (level 2)
00:00:00.816 
00:00:00.816 [/Devices/e1000/0/] (level 3)
00:00:00.816   PCIBusNo      <integer> = 0x0000000000000000 (0)
00:00:00.816   PCIDeviceNo   <integer> = 0x0000000000000003 (3)
00:00:00.816   PCIFunctionNo <integer> = 0x0000000000000000 (0)
00:00:00.816   Trusted       <integer> = 0x0000000000000001 (1)
00:00:00.816 
00:00:00.816 [/Devices/e1000/0/Config/] (level 4)
00:00:00.816   AdapterType    <integer> = 0x0000000000000000 (0)
00:00:00.816   CableConnected <integer> = 0x0000000000000001 (1)
00:00:00.816   LineSpeed      <integer> = 0x0000000000000000 (0)
00:00:00.816   MAC            <bytes>   = "08 00 27 f3 2a ff" (cb=6)
00:00:00.816 
00:00:00.816 [/Devices/e1000/0/LUN#0/] (level 4)
00:00:00.816   Driver <string>  = "NAT" (cb=4)
00:00:00.816 
00:00:00.816 [/Devices/e1000/0/LUN#0/Config/] (level 5)
00:00:00.816   AliasMode       <integer> = 0x0000000000000000 (0)
00:00:00.816   BootFile        <string>  = "DummynetSL6.pxe" (cb=16)
00:00:00.816   DNSProxy        <integer> = 0x0000000000000000 (0)
00:00:00.816   Network         <string>  = "10.0.2.0/24" (cb=12)
00:00:00.816   PassDomain      <integer> = 0x0000000000000001 (1)
00:00:00.816   TFTPPrefix      <string>  = "/afs/inf.ed.ac.uk/user/s10/s1006260/.VirtualBox/TFTP" (cb=53)
00:00:00.816   UseHostResolver <integer> = 0x0000000000000000 (0)
00:00:00.816 
00:00:00.816 [/Devices/e1000/0/LUN#999/] (level 4)
00:00:00.816   Driver <string>  = "MainStatus" (cb=11)
00:00:00.816 
00:00:00.816 [/Devices/e1000/0/LUN#999/Config/] (level 5)
00:00:00.816   First   <integer> = 0x0000000000000000 (0)
00:00:00.816   Last    <integer> = 0x0000000000000000 (0)
00:00:00.816   papLeds <integer> = 0x00007f7880001608 (140 155 520 292 360)
00:00:00.816 
00:00:00.816 [/Devices/i8254/] (level 2)
00:00:00.816 
00:00:00.816 [/Devices/i8254/0/] (level 3)
00:00:00.816 
00:00:00.816 [/Devices/i8254/0/Config/] (level 4)
00:00:00.816 
00:00:00.816 [/Devices/i8259/] (level 2)
00:00:00.816 
00:00:00.816 [/Devices/i8259/0/] (level 3)
00:00:00.816   Trusted <integer> = 0x0000000000000001 (1)
00:00:00.816 
00:00:00.816 [/Devices/i8259/0/Config/] (level 4)
00:00:00.816 
00:00:00.816 [/Devices/mc146818/] (level 2)
00:00:00.816 
00:00:00.816 [/Devices/mc146818/0/] (level 3)
00:00:00.816 
00:00:00.816 [/Devices/mc146818/0/Config/] (level 4)
00:00:00.816   UseUTC <integer> = 0x0000000000000000 (0)
00:00:00.816 
00:00:00.816 [/Devices/parallel/] (level 2)
00:00:00.816 
00:00:00.816 [/Devices/pcarch/] (level 2)
00:00:00.816 
00:00:00.816 [/Devices/pcarch/0/] (level 3)
00:00:00.816   Trusted <integer> = 0x0000000000000001 (1)
00:00:00.816 
00:00:00.816 [/Devices/pcarch/0/Config/] (level 4)
00:00:00.816 
00:00:00.816 [/Devices/pcbios/] (level 2)
00:00:00.816 
00:00:00.816 [/Devices/pcbios/0/] (level 3)
00:00:00.816   Trusted <integer> = 0x0000000000000001 (1)
00:00:00.816 
00:00:00.816 [/Devices/pcbios/0/Config/] (level 4)
00:00:00.816   BootDevice0            <string>  = "IDE" (cb=4)
00:00:00.816   BootDevice1            <string>  = "DVD" (cb=4)
00:00:00.816   BootDevice2            <string>  = "IDE" (cb=4)
00:00:00.816   BootDevice3            <string>  = "NONE" (cb=5)
00:00:00.816   FloppyDevice           <string>  = "i82078" (cb=7)
00:00:00.816   HardDiskDevice         <string>  = "piix3ide" (cb=9)
00:00:00.816   IOAPIC                 <integer> = 0x0000000000000000 (0)
00:00:00.816   LanBootRom             <string>  = "/usr/lib/virtualbox/ExtensionPacks/Oracle_VM_VirtualBox_Extension_Pack/PXE-Intel.rom" (cb=85)
00:00:00.816   McfgBase               <integer> = 0x0000000000000000 (0)
00:00:00.816   McfgLength             <integer> = 0x0000000000000000 (0)
00:00:00.816   NumCPUs                <integer> = 0x0000000000000001 (1)
00:00:00.816   PXEDebug               <integer> = 0x0000000000000000 (0)
00:00:00.816   RamHoleSize            <integer> = 0x0000000020000000 (536 870 912, 512 MB)
00:00:00.816   RamSize                <integer> = 0x0000000020000000 (536 870 912, 512 MB)
00:00:00.816   SataHardDiskDevice     <string>  = "ahci" (cb=5)
00:00:00.816   SataPrimaryMasterLUN   <integer> = 0x0000000000000000 (0)
00:00:00.816   SataPrimarySlaveLUN    <integer> = 0x0000000000000001 (1)
00:00:00.816   SataSecondaryMasterLUN <integer> = 0x0000000000000002 (2)
00:00:00.816   SataSecondarySlaveLUN  <integer> = 0x0000000000000003 (3)
00:00:00.816   UUID                   <bytes>   = "21 82 f8 52 d3 f2 a3 48 b1 7f 93 6c 0e 03 25 fe" (cb=16)
00:00:00.816 
00:00:00.816 [/Devices/pcbios/0/Config/NetBoot/] (level 5)
00:00:00.816 
00:00:00.816 [/Devices/pcbios/0/Config/NetBoot/0/] (level 6)
00:00:00.816   NIC           <integer> = 0x0000000000000000 (0)
00:00:00.816   PCIBusNo      <integer> = 0x0000000000000000 (0)
00:00:00.816   PCIDeviceNo   <integer> = 0x0000000000000003 (3)
00:00:00.816   PCIFunctionNo <integer> = 0x0000000000000000 (0)
00:00:00.816 
00:00:00.816 [/Devices/pci/] (level 2)
00:00:00.816 
00:00:00.816 [/Devices/pci/0/] (level 3)
00:00:00.816   Trusted <integer> = 0x0000000000000001 (1)
00:00:00.816 
00:00:00.816 [/Devices/pci/0/Config/] (level 4)
00:00:00.816   IOAPIC <integer> = 0x0000000000000000 (0)
00:00:00.816 
00:00:00.816 [/Devices/pckbd/] (level 2)
00:00:00.816 
00:00:00.816 [/Devices/pckbd/0/] (level 3)
00:00:00.816   Trusted <integer> = 0x0000000000000001 (1)
00:00:00.816 
00:00:00.816 [/Devices/pckbd/0/Config/] (level 4)
00:00:00.816 
00:00:00.816 [/Devices/pckbd/0/LUN#0/] (level 4)
00:00:00.816   Driver <string>  = "KeyboardQueue" (cb=14)
00:00:00.816 
00:00:00.816 [/Devices/pckbd/0/LUN#0/AttachedDriver/] (level 5)
00:00:00.816   Driver <string>  = "MainKeyboard" (cb=13)
00:00:00.816 
00:00:00.816 [/Devices/pckbd/0/LUN#0/AttachedDriver/Config/] (level 6)
00:00:00.816   Object <integer> = 0x00007f7880002b10 (140 155 520 297 744)
00:00:00.816 
00:00:00.816 [/Devices/pckbd/0/LUN#0/Config/] (level 5)
00:00:00.816   QueueSize <integer> = 0x0000000000000040 (64)
00:00:00.816 
00:00:00.816 [/Devices/pckbd/0/LUN#1/] (level 4)
00:00:00.816   Driver <string>  = "MouseQueue" (cb=11)
00:00:00.816 
00:00:00.816 [/Devices/pckbd/0/LUN#1/AttachedDriver/] (level 5)
00:00:00.816   Driver <string>  = "MainMouse" (cb=10)
00:00:00.816 
00:00:00.816 [/Devices/pckbd/0/LUN#1/AttachedDriver/Config/] (level 6)
00:00:00.816   Object <integer> = 0x00007f7880003070 (140 155 520 299 120)
00:00:00.816 
00:00:00.816 [/Devices/pckbd/0/LUN#1/Config/] (level 5)
00:00:00.816   QueueSize <integer> = 0x0000000000000080 (128)
00:00:00.816 
00:00:00.816 [/Devices/pcnet/] (level 2)
00:00:00.816 
00:00:00.816 [/Devices/serial/] (level 2)
00:00:00.816 
00:00:00.816 [/Devices/vga/] (level 2)
00:00:00.816 
00:00:00.816 [/Devices/vga/0/] (level 3)
00:00:00.816   PCIBusNo      <integer> = 0x0000000000000000 (0)
00:00:00.816   PCIDeviceNo   <integer> = 0x0000000000000002 (2)
00:00:00.816   PCIFunctionNo <integer> = 0x0000000000000000 (0)
00:00:00.816   Trusted       <integer> = 0x0000000000000001 (1)
00:00:00.816 
00:00:00.816 [/Devices/vga/0/Config/] (level 4)
00:00:00.816   CustomVideoModes <integer> = 0x0000000000000000 (0)
00:00:00.816   FadeIn           <integer> = 0x0000000000000001 (1)
00:00:00.816   FadeOut          <integer> = 0x0000000000000001 (1)
00:00:00.816   HeightReduction  <integer> = 0x0000000000000000 (0)
00:00:00.816   LogoFile         <string>  = "" (cb=1)
00:00:00.816   LogoTime         <integer> = 0x0000000000000000 (0)
00:00:00.816   MonitorCount     <integer> = 0x0000000000000001 (1)
00:00:00.816   ShowBootMenu     <integer> = 0x0000000000000002 (2)
00:00:00.816   VRamSize         <integer> = 0x0000000000800000 (8 388 608, 8 MB)
00:00:00.816 
00:00:00.816 [/Devices/vga/0/LUN#0/] (level 4)
00:00:00.816   Driver <string>  = "MainDisplay" (cb=12)
00:00:00.816 
00:00:00.816 [/Devices/vga/0/LUN#0/Config/] (level 5)
00:00:00.816   Object <integer> = 0x00007f7880003800 (140 155 520 301 056)
00:00:00.816 
00:00:00.816 [/Devices/virtio-net/] (level 2)
00:00:00.816 
00:00:00.816 [/HWVirtExt/] (level 1)
00:00:00.816   EnableLargePages   <integer> = 0x0000000000000000 (0)
00:00:00.816   EnableNestedPaging <integer> = 0x0000000000000001 (1)
00:00:00.816   EnableVPID         <integer> = 0x0000000000000001 (1)
00:00:00.816   Enabled            <integer> = 0x0000000000000001 (1)
00:00:00.816   Exclusive          <integer> = 0x0000000000000001 (1)
00:00:00.816 
00:00:00.816 [/MM/] (level 1)
00:00:00.816   CanUseLargerHeap <integer> = 0x0000000000000000 (0)
00:00:00.816 
00:00:00.816 [/PDM/] (level 1)
00:00:00.816 
00:00:00.816 [/PDM/AsyncCompletion/] (level 2)
00:00:00.816 
00:00:00.816 [/PDM/AsyncCompletion/File/] (level 3)
00:00:00.816 
00:00:00.816 [/PDM/AsyncCompletion/File/BwGroups/] (level 4)
00:00:00.816 
00:00:00.816 [/PDM/BlkCache/] (level 2)
00:00:00.816   CacheSize <integer> = 0x0000000000500000 (5 242 880, 5 MB)
00:00:00.816 
00:00:00.816 [/PDM/Devices/] (level 2)
00:00:00.816 
00:00:00.816 [/PDM/Devices/VBoxEhci/] (level 3)
00:00:00.816   Path         <string>  = "/usr/lib/virtualbox/ExtensionPacks/Oracle_VM_VirtualBox_Extension_Pack/linux.amd64/VBoxEhciR3.so" (cb=97)
00:00:00.816   R0SearchPath <string>  = "/usr/lib/virtualbox/ExtensionPacks/Oracle_VM_VirtualBox_Extension_Pack/linux.amd64" (cb=83)
00:00:00.816   RCSearchPath <string>  = "/usr/lib/virtualbox/ExtensionPacks/Oracle_VM_VirtualBox_Extension_Pack/linux.amd64" (cb=83)
00:00:00.816 
00:00:00.816 [/PDM/Devices/VBoxPciRaw/] (level 3)
00:00:00.816   Path         <string>  = "/usr/lib/virtualbox/ExtensionPacks/Oracle_VM_VirtualBox_Extension_Pack/linux.amd64/VBoxPciRawR3.so" (cb=99)
00:00:00.816   R0SearchPath <string>  = "/usr/lib/virtualbox/ExtensionPacks/Oracle_VM_VirtualBox_Extension_Pack/linux.amd64" (cb=83)
00:00:00.816 
00:00:00.816 [/PDM/Drivers/] (level 2)
00:00:00.816 
00:00:00.816 [/PDM/Drivers/VBoxC/] (level 3)
00:00:00.816   Path <string>  = "/usr/lib/virtualbox/components/VBoxC" (cb=37)
00:00:00.816 
00:00:00.816 [/PDM/Drivers/VBoxPciRawDrv/] (level 3)
00:00:00.816   Path <string>  = "/usr/lib/virtualbox/ExtensionPacks/Oracle_VM_VirtualBox_Extension_Pack/linux.amd64/VBoxPciRawDrv.so" (cb=100)
00:00:00.816 
00:00:00.816 [/PDM/USB/] (level 2)
00:00:00.816 
00:00:00.816 [/PDM/USB/VBoxUsbCardReader/] (level 3)
00:00:00.816   Path <string>  = "/usr/lib/virtualbox/ExtensionPacks/Oracle_VM_VirtualBox_Extension_Pack/linux.amd64/VBoxUsbCardReaderR3.so" (cb=106)
00:00:00.816 
00:00:00.816 [/TM/] (level 1)
00:00:00.816   UTCOffset <integer> = 0x0000000000000000 (0)
00:00:00.816 
00:00:00.816 ********************* End of CFGM dump **********************
00:00:00.816 MM: cbHyperHeap=0x140000 (1310720)
00:00:00.818 CPUMSetGuestCpuIdFeature: Enabled PAE
00:00:00.818 Logical host processors: 2 present, 2 max, 2 online, online mask: 0000000000000003
00:00:00.818 ************************* CPUID dump ************************
00:00:00.818          RAW Standard CPUIDs
00:00:00.818      Function  eax      ebx      ecx      edx
00:00:00.818 Gst: 00000000  00000005 756e6547 6c65746e 49656e69
00:00:00.818 Hst:           0000000d 756e6547 6c65746e 49656e69
00:00:00.818 Gst: 00000001  0001067a 00000800 00000209 078bf1ff
00:00:00.818 Hst:           0001067a 00020800 0c08e3fd bfebfbff
00:00:00.818 Gst: 00000002  05b0b101 005657f0 00000000 2cb4304e
00:00:00.818 Hst:           05b0b101 005657f0 00000000 2cb4304e
00:00:00.818 Gst: 00000003  00000000 00000000 00000000 00000000
00:00:00.818 Hst:           00000000 00000000 00000000 00000000
00:00:00.818 Gst: 00000004  00000000 00000000 00000000 00000000
00:00:00.818 Hst:           04000121 01c0003f 0000003f 00000001
00:00:00.818 Gst: 00000005  00000040 00000040 00000000 00000000
00:00:00.818 Hst:           00000040 00000040 00000003 00022220
00:00:00.818 Name:                            GenuineIntel
00:00:00.818 Supports:                        0-5
00:00:00.818 Family:                          6  	Extended: 0 	Effective: 6
00:00:00.818 Model:                           7  	Extended: 1 	Effective: 23
00:00:00.818 Stepping:                        10
00:00:00.818 Type:                            0 (primary)
00:00:00.818 APIC ID:                         0x00
00:00:00.818 Logical CPUs:                    0
00:00:00.818 CLFLUSH Size:                    8
00:00:00.818 Brand ID:                        0x00
00:00:00.818 Mnemonic - Description                 = guest (host)
00:00:00.818 FPU - x87 FPU on Chip                  = 1 (1)
00:00:00.818 VME - Virtual 8086 Mode Enhancements   = 1 (1)
00:00:00.818 DE - Debugging extensions              = 1 (1)
00:00:00.818 PSE - Page Size Extension              = 1 (1)
00:00:00.818 TSC - Time Stamp Counter               = 1 (1)
00:00:00.818 MSR - Model Specific Registers         = 1 (1)
00:00:00.818 PAE - Physical Address Extension       = 1 (1)
00:00:00.818 MCE - Machine Check Exception          = 1 (1)
00:00:00.818 CX8 - CMPXCHG8B instruction            = 1 (1)
00:00:00.818 APIC - APIC On-Chip                    = 0 (1)
00:00:00.818 10 - Reserved                          = 0 (0)
00:00:00.818 SEP - SYSENTER and SYSEXIT             = 0 (1)
00:00:00.818 MTRR - Memory Type Range Registers     = 1 (1)
00:00:00.818 PGE - PTE Global Bit                   = 1 (1)
00:00:00.818 MCA - Machine Check Architecture       = 1 (1)
00:00:00.818 CMOV - Conditional Move Instructions   = 1 (1)
00:00:00.818 PAT - Page Attribute Table             = 1 (1)
00:00:00.818 PSE-36 - 36-bit Page Size Extention    = 1 (1)
00:00:00.818 PSN - Processor Serial Number          = 0 (0)
00:00:00.818 CLFSH - CLFLUSH Instruction.           = 1 (1)
00:00:00.818 20 - Reserved                          = 0 (0)
00:00:00.818 DS - Debug Store                       = 0 (1)
00:00:00.818 ACPI - Thermal Mon. & Soft. Clock Ctrl.= 0 (1)
00:00:00.818 MMX - Intel MMX Technology             = 1 (1)
00:00:00.818 FXSR - FXSAVE and FXRSTOR Instructions = 1 (1)
00:00:00.818 SSE - SSE Support                      = 1 (1)
00:00:00.818 SSE2 - SSE2 Support                    = 1 (1)
00:00:00.818 SS - Self Snoop                        = 0 (1)
00:00:00.818 HTT - Hyper-Threading Technology       = 0 (1)
00:00:00.818 TM - Thermal Monitor                   = 0 (1)
00:00:00.818 30 - Reserved                          = 0 (0)
00:00:00.818 PBE - Pending Break Enable             = 0 (1)
00:00:00.818 Supports SSE3                          = 1 (1)
00:00:00.818 PCLMULQDQ                              = 0 (0)
00:00:00.818 DS Area 64-bit layout                  = 0 (1)
00:00:00.818 Supports MONITOR/MWAIT                 = 1 (1)
00:00:00.818 CPL-DS - CPL Qualified Debug Store     = 0 (1)
00:00:00.818 VMX - Virtual Machine Technology       = 0 (1)
00:00:00.818 SMX - Safer Mode Extensions            = 0 (1)
00:00:00.818 Enhanced SpeedStep Technology          = 0 (1)
00:00:00.818 Terminal Monitor 2                     = 0 (1)
00:00:00.818 Supplemental SSE3 instructions         = 1 (1)
00:00:00.818 L1 Context ID                          = 0 (0)
00:00:00.818 11 - Reserved                          = 0 (0)
00:00:00.818 FMA extensions using YMM state         = 0 (0)
00:00:00.818 CMPXCHG16B instruction                 = 0 (1)
00:00:00.818 xTPR Update Control                    = 0 (1)
00:00:00.818 Perf/Debug Capability MSR              = 0 (1)
00:00:00.818 16 - Reserved                          = 0 (0)
00:00:00.818 PCID - Process-context identifiers     = 0 (0)
00:00:00.818 DCA - Direct Cache Access              = 0 (0)
00:00:00.818 SSE4.1 instruction extensions          = 0 (1)
00:00:00.818 SSE4.2 instruction extensions          = 0 (0)
00:00:00.818 Supports the x2APIC extensions         = 0 (0)
00:00:00.818 MOVBE instruction                      = 0 (0)
00:00:00.818 POPCNT instruction                     = 0 (0)
00:00:00.818 TSC-Deadline LAPIC timer mode          = 0 (0)
00:00:00.818 AESNI instruction extensions           = 0 (0)
00:00:00.818 XSAVE/XRSTOR extended state feature    = 0 (1)
00:00:00.818 Supports OSXSAVE                       = 0 (1)
00:00:00.818 AVX instruction extensions             = 0 (0)
00:00:00.818 29/30 - Reserved                       = 0x0 (0x0)
00:00:00.818 Hypervisor Present (we're a guest)     = 0 (0)
00:00:00.818 
00:00:00.818          RAW Extended CPUIDs
00:00:00.818      Function  eax      ebx      ecx      edx
00:00:00.818 Gst: 80000000  80000008 00000000 00000000 00000000
00:00:00.818 Hst:           80000008 00000000 00000000 00000000
00:00:00.818 Gst: 80000001  00000000 00000000 00000000 00000000
00:00:00.818 Hst:           00000000 00000000 00000001 20100800
00:00:00.818 Gst: 80000002  65746e49 2952286c 726f4320 4d542865
00:00:00.818 Hst:           65746e49 2952286c 726f4320 4d542865
00:00:00.818 Gst: 80000003  44203229 43206f75 20205550 45202020
00:00:00.818 Hst:           44203229 43206f75 20205550 45202020
00:00:00.818 Gst: 80000004  30303538 20402020 36312e33 007a4847
00:00:00.818 Hst:           30303538 20402020 36312e33 007a4847
00:00:00.818 Gst: 80000005  00000000 00000000 00000000 00000000
00:00:00.818 Hst:           00000000 00000000 00000000 00000000
00:00:00.818 Gst: 80000006  00000000 00000000 18008040 00000000
00:00:00.818 Hst:           00000000 00000000 18008040 00000000
00:00:00.818 Gst: 80000007  00000000 00000000 00000000 00000000
00:00:00.818 Hst:           00000000 00000000 00000000 00000000
00:00:00.818 Gst: 80000008  00003024 00000000 00000000 00000000
00:00:00.818 Hst:           00003024 00000000 00000000 00000000
00:00:00.818 Gst: 80000009  00000000 00000000 00000000 00000000*
00:00:00.818 Hst:           00000000 00000000 00000000 00000000
00:00:00.818 Ext Name:                        
00:00:00.818 Ext Supports:                    0x80000000-0x80000008
00:00:00.818 Family:                          0  	Extended: 0 	Effective: 0
00:00:00.818 Model:                           0  	Extended: 0 	Effective: 0
00:00:00.818 Stepping:                        0
00:00:00.818 Brand ID:                        0x000
00:00:00.818 Mnemonic - Description                 = guest (host)
00:00:00.818 FPU - x87 FPU on Chip                  = 0 (0)
00:00:00.818 VME - Virtual 8086 Mode Enhancements   = 0 (0)
00:00:00.818 DE - Debugging extensions              = 0 (0)
00:00:00.818 PSE - Page Size Extension              = 0 (0)
00:00:00.818 TSC - Time Stamp Counter               = 0 (0)
00:00:00.818 MSR - K86 Model Specific Registers     = 0 (0)
00:00:00.818 PAE - Physical Address Extension       = 0 (0)
00:00:00.818 MCE - Machine Check Exception          = 0 (0)
00:00:00.818 CX8 - CMPXCHG8B instruction            = 0 (0)
00:00:00.818 APIC - APIC On-Chip                    = 0 (0)
00:00:00.818 10 - Reserved                          = 0 (0)
00:00:00.818 SEP - SYSCALL and SYSRET               = 0 (1)
00:00:00.818 MTRR - Memory Type Range Registers     = 0 (0)
00:00:00.818 PGE - PTE Global Bit                   = 0 (0)
00:00:00.818 MCA - Machine Check Architecture       = 0 (0)
00:00:00.818 CMOV - Conditional Move Instructions   = 0 (0)
00:00:00.818 PAT - Page Attribute Table             = 0 (0)
00:00:00.818 PSE-36 - 36-bit Page Size Extention    = 0 (0)
00:00:00.818 18 - Reserved                          = 0 (0)
00:00:00.818 19 - Reserved                          = 0 (0)
00:00:00.818 NX - No-Execute Page Protection        = 0 (1)
00:00:00.818 DS - Debug Store                       = 0 (0)
00:00:00.818 AXMMX - AMD Extensions to MMX Instr.   = 0 (0)
00:00:00.818 MMX - Intel MMX Technology             = 0 (0)
00:00:00.818 FXSR - FXSAVE and FXRSTOR Instructions = 0 (0)
00:00:00.818 25 - AMD fast FXSAVE and FXRSTOR Instr.= 0 (0)
00:00:00.818 26 - 1 GB large page support           = 0 (0)
00:00:00.818 27 - RDTSCP instruction                = 0 (0)
00:00:00.818 28 - Reserved                          = 0 (0)
00:00:00.818 29 - AMD Long Mode                     = 0 (1)
00:00:00.818 30 - AMD Extensions to 3DNow           = 0 (0)
00:00:00.818 31 - AMD 3DNow                         = 0 (0)
00:00:00.818 LahfSahf - LAHF/SAHF in 64-bit mode    = 0 (1)
00:00:00.818 CmpLegacy - Core MP legacy mode (depr) = 0 (0)
00:00:00.818 SVM - AMD VM Extensions                = 0 (0)
00:00:00.818 APIC registers starting at 0x400       = 0 (0)
00:00:00.818 AltMovCR8 - LOCK MOV CR0 means MOV CR8 = 0 (0)
00:00:00.818 Advanced bit manipulation              = 0 (0)
00:00:00.818 SSE4A instruction support              = 0 (0)
00:00:00.818 Misaligned SSE mode                    = 0 (0)
00:00:00.818 PREFETCH and PREFETCHW instruction     = 0 (0)
00:00:00.818 OS visible workaround                  = 0 (0)
00:00:00.818 Instruction based sampling             = 0 (0)
00:00:00.818 SSE5 support                           = 0 (0)
00:00:00.818 SKINIT, STGI, and DEV support          = 0 (0)
00:00:00.818 Watchdog timer support.                = 0 (0)
00:00:00.818 31:14 - Reserved                       = 0x0 (0x0)
00:00:00.818 Full Name:                       Intel(R) Core(TM)2 Duo CPU     E8500  @ 3.16GHz
00:00:00.818 TLB 2/4M Instr/Uni:              res0     0 entries
00:00:00.818 TLB 2/4M Data:                   res0     0 entries
00:00:00.818 TLB 4K Instr/Uni:                res0     0 entries
00:00:00.818 TLB 4K Data:                     res0     0 entries
00:00:00.818 L1 Instr Cache Line Size:        0 bytes
00:00:00.818 L1 Instr Cache Lines Per Tag:    0
00:00:00.818 L1 Instr Cache Associativity:    res0  
00:00:00.818 L1 Instr Cache Size:             0 KB
00:00:00.818 L1 Data Cache Line Size:         0 bytes
00:00:00.818 L1 Data Cache Lines Per Tag:     0
00:00:00.818 L1 Data Cache Associativity:     res0  
00:00:00.818 L1 Data Cache Size:              0 KB
00:00:00.818 L2 TLB 2/4M Instr/Uni:           off       0 entries
00:00:00.818 L2 TLB 2/4M Data:                off       0 entries
00:00:00.818 L2 TLB 4K Instr/Uni:             off       0 entries
00:00:00.818 L2 TLB 4K Data:                  off       0 entries
00:00:00.818 L2 Cache Line Size:              0 bytes
00:00:00.818 L2 Cache Lines Per Tag:          0
00:00:00.818 L2 Cache Associativity:          off   
00:00:00.818 L2 Cache Size:                   0 KB
00:00:00.818 APM Features:                   
00:00:00.818 Physical Address Width:          36 bits
00:00:00.818 Virtual Address Width:           48 bits
00:00:00.818 Guest Physical Address Width:    0 bits
00:00:00.818 Physical Core Count:             0
00:00:00.818 
00:00:00.818          RAW Centaur CPUIDs
00:00:00.818      Function  eax      ebx      ecx      edx
00:00:00.818 Gst: c0000000  00000000 00000000 00000000 00000000
00:00:00.818 Hst:           00000000 00000000 00000000 00000000
00:00:00.818 Gst: c0000001  00000000 00000000 00000000 00000000*
00:00:00.818 Hst:           00000000 00000000 00000000 00000000
00:00:00.818 Gst: c0000002  00000000 00000000 00000000 00000000*
00:00:00.819 Hst:           00000000 00000000 00000000 00000000
00:00:00.819 Gst: c0000003  00000000 00000000 00000000 00000000*
00:00:00.819 Hst:           00000000 00000000 00000000 00000000
00:00:00.819 Centaur Supports:                0xc0000000-0x00000000
00:00:00.819 
00:00:00.819 ******************** End of CPUID dump **********************
00:00:00.819 Debug: HCPhysInterPD=00000000c46ca000 HCPhysInterPaePDPT=00000000a2dc0000 HCPhysInterPaePML4=00000000c5b8e000
00:00:00.819 Debug: apInterPTs={00000000a0f6b000,00000000b1718000} apInterPaePTs={0000000103842000,0000000103843000} apInterPaePDs={0000000101d2c000,0000000101d2d000,0000000101d2e000,0000000101d2f000} pInterPaePDPT64=00000000b3091000
00:00:00.819 Host paging mode: AMD64+PGE+NX
00:00:00.819 PGMPool: cMaxPages=288 (u64MaxPages=288)
00:00:00.819 pgmR3PoolInit: cMaxPages=0x120 cMaxUsers=0x240 cMaxPhysExts=0x240 fCacheEnable=true 
00:00:00.844 TM: GIP - u32Mode=1 (SyncTSC) u32UpdateHz=100
00:00:00.876 TM: cTSCTicksPerSecond=0xbc44b314 (3 158 618 900) fTSCVirtualized=true  fTSCUseRealTSC=false
00:00:00.876 TM: fMaybeUseOffsettedHostTSC=true  TSCTiedToExecution=false TSCNotTiedToHalt=false
00:00:00.877 CoreCode: R3=00007f78947a4000 R0=ffffc90000677000 RC=a038a000 Phys=000000000a264000 cb=0x2000
00:00:00.917 AIOMgr: Default manager type is "Async"
00:00:00.917 AIOMgr: Default file backend is "NonBuffered"
00:00:00.917 BlkCache: Cache successfully initialised. Cache size is 5242880 bytes
00:00:00.917 BlkCache: Cache commit interval is 10000 ms
00:00:00.917 BlkCache: Cache commit threshold is 2621440 bytes
00:00:00.932 [SMP] BIOS with 1 CPUs
00:00:01.005 SUP: Loaded VBoxDDR0.r0 (/usr/lib/virtualbox/VBoxDDR0.r0) at 0xffffffffa05f62a0 - ModuleInit at 0000000000000000 and ModuleTerm at 0000000000000000
00:00:01.019 SUP: Loaded VBoxDD2R0.r0 (/usr/lib/virtualbox/VBoxDD2R0.r0) at 0xffffffffa060eec0 - ModuleInit at 0000000000000000 and ModuleTerm at 0000000000000000
00:00:01.019 Activating Local APIC
00:00:01.019 CPUMSetGuestCpuIdFeature: Enabled APIC
00:00:01.019 CPUMSetGuestCpuIdFeature: Disabled x2APIC
00:00:01.020 PIT: mode=3 count=0x10000 (65536) - 18.20 Hz (ch=0)
00:00:01.029 Shared Folders service loaded.
00:00:01.060 Chipset cannot do MSI: VERR_NOT_IMPLEMENTED
00:00:01.060 DrvBlock: Flushes will be ignored
00:00:01.060 DrvBlock: Async flushes will be passed to the disk
00:00:01.060 VDInit finished
00:00:01.060 AIOMgr: Endpoint for file '/disk/scratch/dummynet/DummynetSL6.vdi' (flags 000c0781) created successfully
00:00:01.095 pdmacFileEpInitialize: RTFileOpen /afs/inf.ed.ac.uk/user/s10/s1006260/CCN/DummynetSL6/Snapshots/{102398f2-5b7e-47b6-8149-4dd98550be40}.vdi / 000c0723 failed with VERR_INVALID_PARAMETER
00:00:01.095 AIOMgr: Endpoint for file '/afs/inf.ed.ac.uk/user/s10/s1006260/CCN/DummynetSL6/Snapshots/{102398f2-5b7e-47b6-8149-4dd98550be40}.vdi' (flags 00000723) created successfully
00:00:01.095 AHCI: LUN#0: disk, PCHS=16383/16/63, total number of sectors 16777216
00:00:01.095 AHCI: LUN#0: using async I/O
00:00:01.095 DrvBlock: Flushes will be ignored
00:00:01.095 DrvBlock: Async flushes will be passed to the disk
00:00:01.095 pdmacFileEpInitialize: RTFileOpen /afs/inf.ed.ac.uk/user/s10/s1006260/CCN/dummynetwork.vdi / 000c0723 failed with VERR_INVALID_PARAMETER
00:00:01.095 AIOMgr: Endpoint for file '/afs/inf.ed.ac.uk/user/s10/s1006260/CCN/dummynetwork.vdi' (flags 00000723) created successfully
00:00:01.095 AHCI: LUN#1: disk, PCHS=520/16/63, total number of sectors 524288
00:00:01.095 AHCI: LUN#1: using async I/O
00:00:01.095 Port2: no driver attached
00:00:01.095 Port3: no driver attached
00:00:01.095 Port4: no driver attached
00:00:01.096 Port5: no driver attached
00:00:01.096 Port6: no driver attached
00:00:01.096 Port7: no driver attached
00:00:01.096 Port8: no driver attached
00:00:01.096 Port9: no driver attached
00:00:01.096 Port10: no driver attached
00:00:01.096 Port11: no driver attached
00:00:01.096 Port12: no driver attached
00:00:01.096 Port13: no driver attached
00:00:01.096 Port14: no driver attached
00:00:01.096 Port15: no driver attached
00:00:01.096 Port16: no driver attached
00:00:01.096 Port17: no driver attached
00:00:01.096 Port18: no driver attached
00:00:01.096 Port19: no driver attached
00:00:01.096 Port20: no driver attached
00:00:01.096 Port21: no driver attached
00:00:01.096 Port22: no driver attached
00:00:01.096 Port23: no driver attached
00:00:01.096 Port24: no driver attached
00:00:01.096 Port25: no driver attached
00:00:01.096 Port26: no driver attached
00:00:01.096 Port27: no driver attached
00:00:01.096 Port28: no driver attached
00:00:01.096 Port29: no driver attached
00:00:01.096 AHCI ATA: LUN#0: disk, PCHS=16383/16/63, total number of sectors 16777216
00:00:01.096 AHCI ATA: LUN#1: disk, PCHS=520/16/63, total number of sectors 524288
00:00:01.096 AHCI ATA: Ctl: finished processing RESET
00:00:01.096 AHCI ATA: LUN#2: no unit
00:00:01.096 AHCI ATA: LUN#3: no unit
00:00:01.096 AHCI ATA: Ctl: finished processing RESET
00:00:01.096 AHCI ATA: Ctl: finished processing RESET
00:00:01.096 AHCI ATA: Ctl: finished processing RESET
00:00:01.104 NAT: value of BindIP has been ignored
00:00:01.105 DevPcBios: SATA LUN#0 LCHS=1024/255/63
00:00:01.105 DevPcBios: SATA LUN#1 LCHS=520/16/63
00:00:01.105 PGM: The CPU physical address width is 36 bits
00:00:01.105 PGMR3InitFinalize: 4 MB PSE mask 0000000fffffffff
00:00:01.120 VMM: fUsePeriodicPreemptionTimers=true 
00:00:01.120 HWACCM: Host CR4=000406F0
00:00:01.120 HWACCM: MSR_IA32_FEATURE_CONTROL      = d
00:00:01.120 HWACCM: MSR_IA32_VMX_BASIC_INFO       = 5a08000000000d
00:00:01.120 HWACCM: VMCS id                       = d
00:00:01.120 HWACCM: VMCS size                     = 800
00:00:01.120 HWACCM: VMCS physical address limit   = None
00:00:01.120 HWACCM: VMCS memory type              = 6
00:00:01.120 HWACCM: Dual monitor treatment        = 1
00:00:01.120 HWACCM: MSR_IA32_VMX_PINBASED_CTLS    = 3f00000016
00:00:01.120 HWACCM:    VMX_VMCS_CTRL_PIN_EXEC_CONTROLS_EXT_INT_EXIT
00:00:01.120 HWACCM:    VMX_VMCS_CTRL_PIN_EXEC_CONTROLS_NMI_EXIT
00:00:01.120 HWACCM:    VMX_VMCS_CTRL_PIN_EXEC_CONTROLS_VIRTUAL_NMI
00:00:01.120 HWACCM: MSR_IA32_VMX_PROCBASED_CTLS   = f7f9fffe0401e172
00:00:01.120 HWACCM:    VMX_VMCS_CTRL_PROC_EXEC_CONTROLS_IRQ_WINDOW_EXIT
00:00:01.120 HWACCM:    VMX_VMCS_CTRL_PROC_EXEC_CONTROLS_TSC_OFFSET
00:00:01.120 HWACCM:    VMX_VMCS_CTRL_PROC_EXEC_CONTROLS_HLT_EXIT
00:00:01.120 HWACCM:    VMX_VMCS_CTRL_PROC_EXEC_CONTROLS_INVLPG_EXIT
00:00:01.120 HWACCM:    VMX_VMCS_CTRL_PROC_EXEC_CONTROLS_MWAIT_EXIT
00:00:01.120 HWACCM:    VMX_VMCS_CTRL_PROC_EXEC_CONTROLS_RDPMC_EXIT
00:00:01.120 HWACCM:    VMX_VMCS_CTRL_PROC_EXEC_CONTROLS_RDTSC_EXIT
00:00:01.120 HWACCM:    VMX_VMCS_CTRL_PROC_EXEC_CONTROLS_CR3_LOAD_EXIT
00:00:01.120 HWACCM:    VMX_VMCS_CTRL_PROC_EXEC_CONTROLS_CR3_STORE_EXIT
00:00:01.120 HWACCM:    VMX_VMCS_CTRL_PROC_EXEC_CONTROLS_CR8_LOAD_EXIT
00:00:01.120 HWACCM:    VMX_VMCS_CTRL_PROC_EXEC_CONTROLS_CR8_STORE_EXIT
00:00:01.120 HWACCM:    VMX_VMCS_CTRL_PROC_EXEC_CONTROLS_USE_TPR_SHADOW
00:00:01.120 HWACCM:    VMX_VMCS_CTRL_PROC_EXEC_CONTROLS_NMI_WINDOW_EXIT
00:00:01.120 HWACCM:    VMX_VMCS_CTRL_PROC_EXEC_CONTROLS_MOV_DR_EXIT
00:00:01.120 HWACCM:    VMX_VMCS_CTRL_PROC_EXEC_CONTROLS_UNCOND_IO_EXIT
00:00:01.120 HWACCM:    VMX_VMCS_CTRL_PROC_EXEC_CONTROLS_USE_IO_BITMAPS
00:00:01.120 HWACCM:    VMX_VMCS_CTRL_PROC_EXEC_CONTROLS_USE_MSR_BITMAPS
00:00:01.120 HWACCM:    VMX_VMCS_CTRL_PROC_EXEC_CONTROLS_MONITOR_EXIT
00:00:01.120 HWACCM:    VMX_VMCS_CTRL_PROC_EXEC_CONTROLS_PAUSE_EXIT
00:00:01.120 HWACCM:    VMX_VMCS_CTRL_PROC_EXEC_USE_SECONDARY_EXEC_CTRL
00:00:01.120 HWACCM:    VMX_VMCS_CTRL_PROC_EXEC_CONTROLS_CR3_LOAD_EXIT *must* be set
00:00:01.120 HWACCM:    VMX_VMCS_CTRL_PROC_EXEC_CONTROLS_CR3_STORE_EXIT *must* be set
00:00:01.120 HWACCM: MSR_IA32_VMX_PROCBASED_CTLS2  = 4100000000
00:00:01.120 HWACCM:    VMX_VMCS_CTRL_PROC_EXEC2_VIRT_APIC
00:00:01.120 HWACCM:    VMX_VMCS_CTRL_PROC_EXEC2_WBINVD_EXIT
00:00:01.120 HWACCM: MSR_IA32_VMX_ENTRY_CTLS       = 3fff000011ff
00:00:01.120 HWACCM:    VMX_VMCS_CTRL_ENTRY_CONTROLS_LOAD_DEBUG
00:00:01.120 HWACCM:    VMX_VMCS_CTRL_ENTRY_CONTROLS_IA64_MODE
00:00:01.120 HWACCM:    VMX_VMCS_CTRL_ENTRY_CONTROLS_ENTRY_SMM
00:00:01.120 HWACCM:    VMX_VMCS_CTRL_ENTRY_CONTROLS_DEACTIVATE_DUALMON
00:00:01.120 HWACCM:    VMX_VMCS_CTRL_ENTRY_CONTROLS_LOAD_GUEST_PERF_MSR
00:00:01.120 HWACCM:    VMX_VMCS_CTRL_ENTRY_CONTROLS_LOAD_DEBUG *must* be set
00:00:01.120 HWACCM: MSR_IA32_VMX_EXIT_CTLS        = 3ffff00036dff
00:00:01.120 HWACCM:    VMX_VMCS_CTRL_EXIT_CONTROLS_SAVE_DEBUG
00:00:01.120 HWACCM:    VMX_VMCS_CTRL_EXIT_CONTROLS_HOST_AMD64
00:00:01.120 HWACCM:    VMX_VMCS_CTRL_EXIT_CONTROLS_ACK_EXTERNAL_IRQ
00:00:01.120 HWACCM:    VMX_VMCS_CTRL_EXIT_CONTROLS_SAVE_DEBUG *must* be set
00:00:01.120 HWACCM: MSR_IA32_VMX_MISC             = 403c0
00:00:01.120 HWACCM:    MSR_IA32_VMX_MISC_PREEMPT_TSC_BIT 0
00:00:01.120 HWACCM:    MSR_IA32_VMX_MISC_ACTIVITY_STATES 7
00:00:01.120 HWACCM:    MSR_IA32_VMX_MISC_CR3_TARGET      4
00:00:01.120 HWACCM:    MSR_IA32_VMX_MISC_MAX_MSR         200
00:00:01.120 HWACCM:    MSR_IA32_VMX_MISC_MSEG_ID         0
00:00:01.120 HWACCM: MSR_IA32_VMX_CR0_FIXED0       = 80000021
00:00:01.120 HWACCM: MSR_IA32_VMX_CR0_FIXED1       = ffffffff
00:00:01.120 HWACCM: MSR_IA32_VMX_CR4_FIXED0       = 2000
00:00:01.120 HWACCM: MSR_IA32_VMX_CR4_FIXED1       = 467ff
00:00:01.120 HWACCM: MSR_IA32_VMX_VMCS_ENUM        = 2c
00:00:01.120 HWACCM: TPR shadow physaddr           = 000000009f7a8000
00:00:01.120 HWACCM: VCPU0: MSR bitmap physaddr      = 00000000b160d000
00:00:01.120 HWACCM: VCPU0: VMCS physaddr            = 00000000b17e2000
00:00:01.120 HWACCM: Real Mode TSS guest physaddr  = 00000000f0800000
00:00:01.120 HWACCM: Non-Paging Mode EPT CR3       = 00000000f0803000
00:00:01.120 CPUMSetGuestCpuIdFeature: Enabled sysenter/exit
00:00:01.120 CPUMSetGuestCpuIdFeature: Enabled PAE
00:00:01.120 CPUMSetGuestCpuIdFeature: Enabled LONG MODE
00:00:01.120 CPUMSetGuestCpuIdFeature: Enabled syscall/ret
00:00:01.120 CPUMSetGuestCpuIdFeature: Enabled LAHF/SAHF
00:00:01.120 CPUMSetGuestCpuIdFeature: Enabled NXE
00:00:01.120 HWACCM: 32-bit and 64-bit guests supported.
00:00:01.120 HWACCM: VMX enabled!
00:00:01.120 HWACCM: TPR Patching disabled.
00:00:01.120 HWACCM:    VT-x/AMD-V init method: GLOBAL
00:00:01.135 VM: Halt method global1 (5)
00:00:01.135 HaltedGlobal1 config: cNsSpinBlockThresholdCfg=2000
00:00:01.135 Changing the VM state from 'CREATING' to 'CREATED'.
00:00:01.135 SharedFolders host service: adding host mapping
00:00:01.135     Host path '/afs/inf.ed.ac.uk/user/s10/s1006260/CCN/dummynetshared', map name 'dummynetshared', writable, automount=false, create_symlinks=false
00:00:01.135 Changing the VM state from 'CREATED' to 'POWERING_ON'.
00:00:01.135 AIOMgr: Endpoints without assigned bandwidth groups:
00:00:01.135 AIOMgr:     /afs/inf.ed.ac.uk/user/s10/s1006260/CCN/dummynetwork.vdi
00:00:01.135 AIOMgr:     /afs/inf.ed.ac.uk/user/s10/s1006260/CCN/DummynetSL6/Snapshots/{102398f2-5b7e-47b6-8149-4dd98550be40}.vdi
00:00:01.135 AIOMgr:     /disk/scratch/dummynet/DummynetSL6.vdi
00:00:01.135 Changing the VM state from 'POWERING_ON' to 'RUNNING'.
00:00:01.140 Guest Log: BIOS: VirtualBox 4.1.18
00:00:01.156 ERROR [COM]: aRC=VBOX_E_IPRT_ERROR (0x80bb0005) aIID={09eed313-cd56-4d06-bd56-fac0f716b5dd} aComponent={Display} aText={Could not take a screenshot (VERR_NOT_SUPPORTED)}, preserve=false
00:00:01.156 PIT: mode=2 count=0x10000 (65536) - 18.20 Hz (ch=0)
00:00:01.160 AHCI ATA: Ctl: RESET, DevSel=0 AIOIf=0 CmdIf0=0x00 (-1 usec ago) CmdIf1=0x00 (-1 usec ago)
00:00:01.160 AHCI ATA: Ctl: finished processing RESET
00:00:01.161 Guest Log: BIOS: ata2-0: PCHS=16383/16/63 LCHS=1024/255/63
00:00:01.161 AHCI ATA: Ctl: RESET, DevSel=1 AIOIf=0 CmdIf0=0xec (-1 usec ago) CmdIf1=0x00 (-1 usec ago)
00:00:01.161 AHCI ATA: Ctl: finished processing RESET
00:00:01.161 Guest Log: BIOS: ata2-1: PCHS=520/16/63 LCHS=520/16/63
00:00:01.161 PIT: mode=2 count=0x48d3 (18643) - 64.00 Hz (ch=0)
00:00:01.167 ERROR [COM]: aRC=VBOX_E_IPRT_ERROR (0x80bb0005) aIID={09eed313-cd56-4d06-bd56-fac0f716b5dd} aComponent={Display} aText={Could not take a screenshot (VERR_NOT_SUPPORTED)}, preserve=false
00:00:01.177 Display::handleDisplayResize(): uScreenId = 0, pvVRAM=00007f78606fa000 w=640 h=480 bpp=32 cbLine=0xA00, flags=0x1
00:00:01.485 2D video acceleration is disabled.
00:00:03.643 PIT: mode=2 count=0x10000 (65536) - 18.20 Hz (ch=0)
00:00:03.644 Guest Log: BIOS: Booting from Hard Disk...
00:00:03.656 Display::handleDisplayResize(): uScreenId = 0, pvVRAM=0000000000000000 w=720 h=400 bpp=0 cbLine=0x0, flags=0x1
00:00:03.676 AHCI ATA: Ctl: RESET, DevSel=0 AIOIf=0 CmdIf0=0xc4 (-1 usec ago) CmdIf1=0xec (-1 usec ago)
00:00:03.676 AHCI ATA: Ctl: finished processing RESET
00:00:03.737 Display::handleDisplayResize(): uScreenId = 0, pvVRAM=00007f78606fa000 w=640 h=480 bpp=0 cbLine=0x140, flags=0x1
00:00:08.146 Display::handleDisplayResize(): uScreenId = 0, pvVRAM=0000000000000000 w=720 h=400 bpp=0 cbLine=0x0, flags=0x1
00:00:08.567 Guest Log: BIOS: KBD: unsupported int 16h function 03
00:00:08.626 Display::handleDisplayResize(): uScreenId = 0, pvVRAM=0000000000000000 w=640 h=400 bpp=0 cbLine=0x0, flags=0x1
00:00:08.657 Display::handleDisplayResize(): uScreenId = 0, pvVRAM=0000000000000000 w=720 h=400 bpp=0 cbLine=0x0, flags=0x1
00:00:08.767 PIT: mode=2 count=0x4a9 (1193) - 1000.15 Hz (ch=0)
00:00:09.076 PIT: mode=0 count=0x10000 (65536) - 18.20 Hz (ch=0)
00:00:29.657 Guest Additions information report: Version 4.1.4 r74291 '4.1.4'
00:00:29.657 Guest Additions information report: Interface = 0x00010004 osType = 0x00053000
00:00:29.657 Guest Additions capability report: (0x0) seamless: no, hostWindowMapping: no, graphics: no
00:00:29.657 Guest reported fixed hypervisor window at 0x00000000e1c00000 (size = 0x800000, rc = VINF_SUCCESS)
00:00:29.685 Guest Log: vboxguest: major 0, IRQ 9, I/O port d020, MMIO at 00000000f0400000 (size 0x400000)
00:00:41.052 NAT: IPv6 not supported
00:00:41.281 NAT: DHCP offered IP address 10.0.2.15
00:00:41.281 NAT: DHCP offered IP address 10.0.2.15
00:00:54.794 Guest Additions capability report: (0x4) seamless: no, hostWindowMapping: no, graphics: yes
00:00:55.041 Guest Additions capability report: (0x4) seamless: no, hostWindowMapping: no, graphics: yes
00:00:55.041 Display::handleDisplayResize(): uScreenId = 0, pvVRAM=00007f78606fa000 w=775 h=1067 bpp=32 cbLine=0xC1C, flags=0x1
00:00:55.046 Display::handleDisplayResize(): uScreenId = 0, pvVRAM=00007f78606fa000 w=775 h=1067 bpp=32 cbLine=0xC1C, flags=0x1
00:00:55.534 Guest Additions capability report: (0x4) seamless: no, hostWindowMapping: no, graphics: yes
00:01:22.961 Starting host clipboard service
00:01:22.961 Initializing X11 clipboard backend
00:01:22.986 Shared clipboard: starting shared clipboard thread
00:01:23.005 Guest Additions capability report: (0x5) seamless: yes, hostWindowMapping: no, graphics: yes
00:06:14.530 VMMDev::SetVideoModeHint: got a video mode hint (617x891x0) at 0
00:06:14.668 Guest Additions capability report: (0x5) seamless: yes, hostWindowMapping: no, graphics: yes
00:06:14.669 Display::handleDisplayResize(): uScreenId = 0, pvVRAM=0000000000000000 w=775 h=1067 bpp=0 cbLine=0xC1C, flags=0x3
00:06:14.688 Guest Additions capability report: (0x5) seamless: yes, hostWindowMapping: no, graphics: yes
00:06:14.688 Display::handleDisplayResize(): uScreenId = 0, pvVRAM=0000000000000000 w=617 h=1067 bpp=0 cbLine=0x9A4, flags=0x3
00:06:14.695 Guest Additions capability report: (0x5) seamless: yes, hostWindowMapping: no, graphics: yes
00:06:14.695 Display::handleDisplayResize(): uScreenId = 0, pvVRAM=00007f78606fa000 w=617 h=891 bpp=32 cbLine=0x9A4, flags=0x1
00:06:14.695 Display::handleDisplayResize(): Warning: resize postponed.
00:06:14.720 Display::handleDisplayResize(): uScreenId = 0, pvVRAM=00007f78606fa000 w=617 h=891 bpp=32 cbLine=0x9A4, flags=0x1
00:06:14.801 Display::handleDisplayResize(): uScreenId = 0, pvVRAM=00007f78606fa000 w=617 h=891 bpp=32 cbLine=0x9A4, flags=0x1
00:17:14.193 VMMDev::SetVideoModeHint: got a video mode hint (933x891x0) at 0
00:17:14.235 VMMDev::SetVideoModeHint: got a video mode hint (957x891x0) at 0
00:17:14.269 VMMDev::SetVideoModeHint: got a video mode hint (987x891x0) at 0
00:17:14.306 VMMDev::SetVideoModeHint: got a video mode hint (1009x891x0) at 0
00:17:14.321 Guest Additions capability report: (0x5) seamless: yes, hostWindowMapping: no, graphics: yes
00:17:14.321 Display::handleDisplayResize(): uScreenId = 0, pvVRAM=00007f78606fa000 w=617 h=891 bpp=32 cbLine=0xE94, flags=0x1
00:17:14.363 Display::handleDisplayResize(): uScreenId = 0, pvVRAM=00007f78606fa000 w=617 h=891 bpp=32 cbLine=0xE94, flags=0x1
00:17:14.376 Guest Additions capability report: (0x5) seamless: yes, hostWindowMapping: no, graphics: yes
00:17:14.376 Display::handleDisplayResize(): uScreenId = 0, pvVRAM=00007f78606fa000 w=933 h=891 bpp=32 cbLine=0xE94, flags=0x1
00:17:14.376 Display::handleDisplayResize(): Warning: resize postponed.
00:17:14.424 Display::handleDisplayResize(): uScreenId = 0, pvVRAM=00007f78606fa000 w=933 h=891 bpp=32 cbLine=0xE94, flags=0x1
00:17:14.484 Display::handleDisplayResize(): uScreenId = 0, pvVRAM=00007f78606fa000 w=933 h=891 bpp=32 cbLine=0xE94, flags=0x1
00:17:14.628 VMMDev::SetVideoModeHint: got a video mode hint (1049x891x0) at 0
00:17:14.702 Guest Additions capability report: (0x5) seamless: yes, hostWindowMapping: no, graphics: yes
00:17:14.702 Display::handleDisplayResize(): uScreenId = 0, pvVRAM=00007f78606fa000 w=933 h=891 bpp=32 cbLine=0xFC4, flags=0x1
00:17:14.707 Display::handleDisplayResize(): uScreenId = 0, pvVRAM=00007f78606fa000 w=933 h=891 bpp=32 cbLine=0xFC4, flags=0x1
00:17:14.763 Guest Additions capability report: (0x5) seamless: yes, hostWindowMapping: no, graphics: yes
00:17:14.767 Display::handleDisplayResize(): uScreenId = 0, pvVRAM=00007f78606fa000 w=1009 h=891 bpp=32 cbLine=0xFC4, flags=0x1
00:17:14.783 VMMDev::SetVideoModeHint: got a video mode hint (1049x891x0) at 0
00:17:14.790 Display::handleDisplayResize(): uScreenId = 0, pvVRAM=00007f78606fa000 w=1009 h=891 bpp=32 cbLine=0xFC4, flags=0x1
00:17:14.899 VMMDev::SetVideoModeHint: got a video mode hint (1049x891x0) at 0
00:17:15.034 VMMDev::SetVideoModeHint: got a video mode hint (1050x891x0) at 0
00:17:15.095 Guest Additions capability report: (0x5) seamless: yes, hostWindowMapping: no, graphics: yes
00:17:15.095 Display::handleDisplayResize(): uScreenId = 0, pvVRAM=00007f78606fa000 w=1009 h=891 bpp=32 cbLine=0x1064, flags=0x1
00:17:15.111 Display::handleDisplayResize(): uScreenId = 0, pvVRAM=00007f78606fa000 w=1009 h=891 bpp=32 cbLine=0x1064, flags=0x1
00:17:15.142 Guest Additions capability report: (0x5) seamless: yes, hostWindowMapping: no, graphics: yes
00:17:15.142 Display::handleDisplayResize(): uScreenId = 0, pvVRAM=00007f78606fa000 w=1049 h=891 bpp=32 cbLine=0x1064, flags=0x1
00:17:15.152 Display::handleDisplayResize(): uScreenId = 0, pvVRAM=00007f78606fa000 w=1049 h=891 bpp=32 cbLine=0x1064, flags=0x1
00:17:15.435 VMMDev::SetVideoModeHint: got a video mode hint (1062x891x0) at 0
00:17:15.484 VMMDev::SetVideoModeHint: got a video mode hint (1066x891x0) at 0
00:17:15.502 Guest Additions capability report: (0x5) seamless: yes, hostWindowMapping: no, graphics: yes
00:17:15.503 Display::handleDisplayResize(): uScreenId = 0, pvVRAM=00007f78606fa000 w=1049 h=891 bpp=32 cbLine=0x1068, flags=0x1
00:17:15.535 Display::handleDisplayResize(): uScreenId = 0, pvVRAM=00007f78606fa000 w=1049 h=891 bpp=32 cbLine=0x1068, flags=0x1
00:17:15.547 Guest Additions capability report: (0x5) seamless: yes, hostWindowMapping: no, graphics: yes
00:17:15.547 Display::handleDisplayResize(): uScreenId = 0, pvVRAM=00007f78606fa000 w=1050 h=891 bpp=32 cbLine=0x1068, flags=0x1
00:17:15.547 Display::handleDisplayResize(): Warning: resize postponed.
00:17:15.595 Display::handleDisplayResize(): uScreenId = 0, pvVRAM=00007f78606fa000 w=1050 h=891 bpp=32 cbLine=0x1068, flags=0x1
00:17:15.655 Display::handleDisplayResize(): uScreenId = 0, pvVRAM=00007f78606fa000 w=1050 h=891 bpp=32 cbLine=0x1068, flags=0x1
00:17:15.749 VMMDev::SetVideoModeHint: got a video mode hint (1068x891x0) at 0
00:17:15.853 Guest Additions capability report: (0x5) seamless: yes, hostWindowMapping: no, graphics: yes
00:17:15.853 Display::handleDisplayResize(): uScreenId = 0, pvVRAM=00007f78606fa000 w=1050 h=891 bpp=32 cbLine=0x10A8, flags=0x1
00:17:15.856 Display::handleDisplayResize(): uScreenId = 0, pvVRAM=00007f78606fa000 w=1050 h=891 bpp=32 cbLine=0x10A8, flags=0x1
00:17:15.896 Guest Additions capability report: (0x5) seamless: yes, hostWindowMapping: no, graphics: yes
00:17:15.896 Display::handleDisplayResize(): uScreenId = 0, pvVRAM=00007f78606fa000 w=1066 h=891 bpp=32 cbLine=0x10A8, flags=0x1
00:17:15.917 Display::handleDisplayResize(): uScreenId = 0, pvVRAM=00007f78606fa000 w=1066 h=891 bpp=32 cbLine=0x10A8, flags=0x1
00:17:16.012 VMMDev::SetVideoModeHint: got a video mode hint (1068x891x0) at 0
00:17:16.268 Guest Additions capability report: (0x5) seamless: yes, hostWindowMapping: no, graphics: yes
00:17:16.268 Display::handleDisplayResize(): uScreenId = 0, pvVRAM=00007f78606fa000 w=1066 h=891 bpp=32 cbLine=0x10B0, flags=0x1
00:17:16.281 Display::handleDisplayResize(): uScreenId = 0, pvVRAM=00007f78606fa000 w=1066 h=891 bpp=32 cbLine=0x10B0, flags=0x1
00:17:16.318 Guest Additions capability report: (0x5) seamless: yes, hostWindowMapping: no, graphics: yes
00:17:16.318 Display::handleDisplayResize(): uScreenId = 0, pvVRAM=00007f78606fa000 w=1068 h=891 bpp=32 cbLine=0x10B0, flags=0x1
00:17:16.343 Display::handleDisplayResize(): uScreenId = 0, pvVRAM=00007f78606fa000 w=1068 h=891 bpp=32 cbLine=0x10B0, flags=0x1
00:22:13.619 VMMDev::SetVideoModeHint: got a video mode hint (718x891x0) at 0
00:22:13.693 VMMDev::SetVideoModeHint: got a video mode hint (689x891x0) at 0
00:22:13.720 Guest Additions capability report: (0x5) seamless: yes, hostWindowMapping: no, graphics: yes
00:22:13.720 Display::handleDisplayResize(): uScreenId = 0, pvVRAM=0000000000000000 w=1068 h=891 bpp=0 cbLine=0x10B0, flags=0x3
00:22:13.810 VMMDev::SetVideoModeHint: got a video mode hint (689x891x0) at 0
00:22:13.833 Guest Additions capability report: (0x5) seamless: yes, hostWindowMapping: no, graphics: yes
00:22:13.833 Display::handleDisplayResize(): uScreenId = 0, pvVRAM=0000000000000000 w=718 h=891 bpp=0 cbLine=0xB38, flags=0x3
00:22:13.849 Display::handleDisplayResize(): uScreenId = 0, pvVRAM=00007f78606fa000 w=718 h=891 bpp=32 cbLine=0xB38, flags=0x1
00:22:13.863 Guest Additions capability report: (0x5) seamless: yes, hostWindowMapping: no, graphics: yes
00:22:13.863 Display::handleDisplayResize(): uScreenId = 0, pvVRAM=00007f78606fa000 w=718 h=891 bpp=32 cbLine=0xB38, flags=0x1
00:22:13.863 Display::handleDisplayResize(): Warning: resize postponed.
00:22:13.869 Display::handleDisplayResize(): uScreenId = 0, pvVRAM=00007f78606fa000 w=718 h=891 bpp=32 cbLine=0xB38, flags=0x1
00:22:13.979 VMMDev::SetVideoModeHint: got a video mode hint (688x891x0) at 0
00:22:14.067 VMMDev::SetVideoModeHint: got a video mode hint (560x891x0) at 0
00:22:14.140 Guest Additions capability report: (0x5) seamless: yes, hostWindowMapping: no, graphics: yes
00:22:14.140 Display::handleDisplayResize(): uScreenId = 0, pvVRAM=0000000000000000 w=718 h=891 bpp=0 cbLine=0xB38, flags=0x3
00:22:14.241 VMMDev::SetVideoModeHint: got a video mode hint (609x891x0) at 0
00:22:14.298 Guest Additions capability report: (0x5) seamless: yes, hostWindowMapping: no, graphics: yes
00:22:14.298 Display::handleDisplayResize(): uScreenId = 0, pvVRAM=0000000000000000 w=688 h=891 bpp=0 cbLine=0xAC0, flags=0x3
00:22:14.310 Display::handleDisplayResize(): uScreenId = 0, pvVRAM=00007f78606fa000 w=688 h=891 bpp=32 cbLine=0xAC0, flags=0x1
00:22:14.334 Guest Additions capability report: (0x5) seamless: yes, hostWindowMapping: no, graphics: yes
00:22:14.334 Display::handleDisplayResize(): uScreenId = 0, pvVRAM=00007f78606fa000 w=688 h=891 bpp=32 cbLine=0xAC0, flags=0x1
00:22:14.392 VMMDev::SetVideoModeHint: got a video mode hint (609x891x0) at 0
00:22:14.643 VMMDev::SetVideoModeHint: got a video mode hint (613x891x0) at 0
00:22:14.706 Guest Additions capability report: (0x5) seamless: yes, hostWindowMapping: no, graphics: yes
00:22:14.706 Display::handleDisplayResize(): uScreenId = 0, pvVRAM=0000000000000000 w=688 h=891 bpp=0 cbLine=0xAC0, flags=0x3
00:22:14.732 Guest Additions capability report: (0x5) seamless: yes, hostWindowMapping: no, graphics: yes
00:22:14.736 Display::handleDisplayResize(): uScreenId = 0, pvVRAM=0000000000000000 w=609 h=891 bpp=0 cbLine=0x984, flags=0x3
00:22:14.747 Guest Additions capability report: (0x5) seamless: yes, hostWindowMapping: no, graphics: yes
00:22:14.747 Display::handleDisplayResize(): uScreenId = 0, pvVRAM=00007f78606fa000 w=609 h=891 bpp=32 cbLine=0x984, flags=0x1
00:22:14.747 Display::handleDisplayResize(): Warning: resize postponed.
00:22:14.753 Display::handleDisplayResize(): uScreenId = 0, pvVRAM=00007f78606fa000 w=609 h=891 bpp=32 cbLine=0x984, flags=0x1
00:22:14.814 Display::handleDisplayResize(): uScreenId = 0, pvVRAM=00007f78606fa000 w=609 h=891 bpp=32 cbLine=0x984, flags=0x1
00:22:15.233 Guest Additions capability report: (0x5) seamless: yes, hostWindowMapping: no, graphics: yes
00:22:15.233 Display::handleDisplayResize(): uScreenId = 0, pvVRAM=00007f78606fa000 w=609 h=891 bpp=32 cbLine=0x994, flags=0x1
00:22:15.241 Display::handleDisplayResize(): uScreenId = 0, pvVRAM=00007f78606fa000 w=609 h=891 bpp=32 cbLine=0x994, flags=0x1
00:22:15.265 Guest Additions capability report: (0x5) seamless: yes, hostWindowMapping: no, graphics: yes
00:22:15.265 Display::handleDisplayResize(): uScreenId = 0, pvVRAM=00007f78606fa000 w=613 h=891 bpp=32 cbLine=0x994, flags=0x1
00:22:15.283 Display::handleDisplayResize(): uScreenId = 0, pvVRAM=00007f78606fa000 w=613 h=891 bpp=32 cbLine=0x994, flags=0x1
00:29:03.722 Changing the VM state from 'RUNNING' to 'SUSPENDING'.
00:29:03.920 pdmacFileEpInitialize: RTFileOpen /afs/inf.ed.ac.uk/user/s10/s1006260/CCN/DummynetSL6/Snapshots/{102398f2-5b7e-47b6-8149-4dd98550be40}.vdi / 000c0781 failed with VERR_INVALID_PARAMETER
00:29:03.920 AIOMgr: Endpoint for file '/afs/inf.ed.ac.uk/user/s10/s1006260/CCN/DummynetSL6/Snapshots/{102398f2-5b7e-47b6-8149-4dd98550be40}.vdi' (flags 00000781) created successfully
00:29:04.012 pdmacFileEpInitialize: RTFileOpen /afs/inf.ed.ac.uk/user/s10/s1006260/CCN/dummynetwork.vdi / 000c0781 failed with VERR_INVALID_PARAMETER
00:29:04.012 AIOMgr: Endpoint for file '/afs/inf.ed.ac.uk/user/s10/s1006260/CCN/dummynetwork.vdi' (flags 00000781) created successfully
00:29:04.012 PDMR3Suspend: 275 499 314 ns run time
00:29:04.012 Changing the VM state from 'SUSPENDING' to 'SUSPENDED'.
00:29:06.602 Console::powerDown(): A request to power off the VM has been issued (mMachineState=Stopping, InUninit=0)
00:29:06.604 Changing the VM state from 'SUSPENDED' to 'POWERING_OFF'.
00:29:06.604 ****************** Guest state at power off ******************
00:29:06.604 Guest CPUM (VCPU 0) state: 
00:29:06.604 eax=00000000 ebx=00000000 ecx=00000000 edx=00000000 esi=00000000 edi=c09f9000
00:29:06.604 eip=c04111c1 esp=c09f3fac ebp=00f17003 iopl=0         nv up ei pl nz na po nc
00:29:06.604 cs={0060 base=0000000000000000 limit=ffffffff flags=0000c09b} dr0=00000000 dr1=00000000
00:29:06.604 ds={007b base=0000000000000000 limit=ffffffff flags=0000c0f3} dr2=00000000 dr3=00000000
00:29:06.604 es={007b base=0000000000000000 limit=ffffffff flags=0000c0f3} dr4=00000000 dr5=00000000
00:29:06.604 fs={00d8 base=0000000000b28000 limit=ffffffff flags=00008093} dr6=ffff0ff0 dr7=00000400
00:29:06.604 gs={00e0 base=00000000c1608000 limit=00000018 flags=00004091} cr0=8005003b cr2=b2a2e000
00:29:06.604 ss={0068 base=0000000000000000 limit=ffffffff flags=0000c093} cr3=1e3bc000 cr4=000006f0
00:29:06.604 gdtr=00000000c1600000:00ff  idtr=00000000c09f9000:07ff  eflags=00000246
00:29:06.604 ldtr={0000 base=00000000 limit=00000000 flags=00000082}
00:29:06.604 tr  ={0080 base=c1605e40 limit=0000206b flags=0000008b}
00:29:06.604 SysEnter={cs=0060 eip=c0409a5c esp=c1607fc0}
00:29:06.604 FCW=037f FSW=4020 FTW=0000 FOP=05d8 MXCSR=00001f80 MXCSR_MASK=0000ffff
00:29:06.604 FPUIP=00cf26c5 CS=0073 Rsrvd1=0000  FPUDP=00000000 DS=007b Rsvrd2=0000
00:29:06.604 ST(0)=FPR0={3fff'89090909'09090909} t0 +1.0000651061555542690057 ^ 16383
00:29:06.604 ST(1)=FPR1={3fff'89090909'09090909} t0 +1.0000651061555542690057 ^ 16383
00:29:06.604 ST(2)=FPR2={3fff'89090909'09090909} t0 +1.0000651061555542690057 ^ 16383
00:29:06.604 ST(3)=FPR3={3fff'89090909'09090909} t0 +1.0000651061555542690057 ^ 16383
00:29:06.604 ST(4)=FPR4={3fff'89090909'09090909} t0 +1.0000651061555542690057 ^ 16383
00:29:06.604 ST(5)=FPR5={3fff'89090909'09090909} t0 +1.0000651061555542690057 ^ 16383
00:29:06.604 ST(6)=FPR6={3fff'89090909'09090909} t0 +1.0000651061555542690057 ^ 16383
00:29:06.604 ST(7)=FPR7={3fff'89090909'09090909} t0 +1.0000651061555542690057 ^ 16383
00:29:06.604 XMM0 =00000000'00000000'00000000'00000000  XMM1 =00000000'000e0000'020005bb'0a8a0900
00:29:06.604 XMM2 =00000000'00010000'002a0127'001c0083  XMM3 =00000001'020005b3'00000107'0a890013
00:29:06.604 XMM4 =00000000'00000000'00000000'00000000  XMM5 =ffffffff'020005c4'00000107'0a890010
00:29:06.604 XMM6 =00000000'00000000'00000000'00010001  XMM7 =00000000'000e0000'020005bb'0a8a0900
00:29:06.604 XMM8 =00000000'00000000'00000000'00000000  XMM9 =00000000'00000000'00000000'00000000
00:29:06.604 XMM10=00000000'00000000'00000000'00000000  XMM11=00000000'00000000'00000000'00000000
00:29:06.604 XMM12=00000000'00000000'00000000'00000000  XMM13=00000000'00000000'00000000'00000000
00:29:06.604 XMM14=00000000'00000000'00000000'00000000  XMM15=00000000'00000000'00000000'00000000
00:29:06.604 EFER         =0000000000000800
00:29:06.604 PAT          =0007010600070106
00:29:06.604 STAR         =0000000000000000
00:29:06.604 CSTAR        =0000000000000000
00:29:06.604 LSTAR        =0000000000000000
00:29:06.604 SFMASK       =0000000000000000
00:29:06.604 KERNELGSBASE =0000000000000000
00:29:06.604 ***
00:29:06.604 Guest paging mode:  PAE+NX, changed 87295 times, A20 enabled
00:29:06.604 Shadow paging mode: PAE
00:29:06.604 Host paging mode:   AMD64+G+NX
00:29:06.604 ***
00:29:06.604 Active Timers (pVM=00007f7878c93000)
00:29:06.604 pTimerR3         offNext  offPrev  offSched Clock               Time             Expire HzHint State                     Description
00:29:06.604 00007f787814b090 000101a0 00000000 00000000 Real           147367986          147365110      0 2-ACTIVE                  VGA Refresh Timer
00:29:06.604 00007f787815b230 ffffff80 fffefe60 00000000 Real           147367986          147365127      0 2-ACTIVE                  EMT Yielder
00:29:06.604 00007f787815b1b0 00000000 00000080 00000000 Real           147367986          147365590      0 2-ACTIVE                  CPU Load Timer
00:29:06.604 00007f787813a0d0 000010d0 00000000 00000000 VrSy       1742585569791      1742585908927   1026 2-ACTIVE                  APIC Timer #0
00:29:06.604 00007f787813b1a0 0001f360 ffffef30 00000000 VrSy       1742585569791      1742990000000      0 2-ACTIVE                  MC146818 RTC/CMOS - Second
00:29:06.604 00007f787815a500 00000000 fffe0ca0 00000000 VrSy       1742585569791      2399728063202      0 2-ACTIVE                  ACPI PM Timer
00:29:06.604 ***
00:29:06.604 Shadow GDT (GCAddr=ff78d000):
00:29:06.615 ffd8 - 81180087 ff008940 - base=ff408118 limit=00000087 dpl=0 TSS32Avail Present 16-bit  HyperTSSTrap08
00:29:06.615 ffe0 - 80900087 ff008940 - base=ff408090 limit=00000087 dpl=0 TSS32Avail Present 16-bit  HyperTSS
00:29:06.615 ffe8 - 0000ffff 00af9b00 - base=00000000 limit=ffffffff dpl=0 CodeER Accessed Present Page 16-bit  HyperCS64
00:29:06.615 fff0 - 0000ffff 00cf9300 - base=00000000 limit=ffffffff dpl=0 DataRW Accessed Present Page 32-bit  HyperDS
00:29:06.615 fff8 - 0000ffff 00cf9b00 - base=00000000 limit=ffffffff dpl=0 CodeER Accessed Present Page 32-bit  HyperCS
00:29:06.615 ***
00:29:06.615 ************** End of Guest state at power off ***************
00:29:06.615 PDMR3PowerOff: 6 903 ns run time
00:29:06.615 Changing the VM state from 'POWERING_OFF' to 'OFF'.
00:29:06.622 Stopping the host clipboard service
00:29:06.622 ClipStopX11: stopping the shared clipboard X11 backend
00:29:06.622 Shared clipboard: shared clipboard thread terminated successfully
00:29:06.625 Changing the VM state from 'OFF' to 'DESTROYING'.
00:29:06.625 ************************* Statistics *************************
00:29:06.626 /Devices/E1k0/ReceiveBytes          11066 bytes
00:29:06.626 /Devices/E1k0/TransmitBytes          6354 bytes
00:29:06.626 /Devices/SATA0/Port0/DMA            10574 times
00:29:06.626 /Devices/SATA0/Port0/ReadBytes   218864128 bytes
00:29:06.626 /Devices/SATA0/Port0/WrittenBytes 19543040 bytes
00:29:06.626 /Devices/SATA0/Port1/DMA              361 times
00:29:06.626 /Devices/SATA0/Port1/ReadBytes    1495552 bytes
00:29:06.626 /Devices/VMMDev/BalloonChunks           0 count
00:29:06.626 /FT/Checkpoint/Network                  0 times
00:29:06.626 /FT/Checkpoint/Storage                  0 times
00:29:06.626 /FT/Received/Mem                        0 bytes
00:29:06.626 /FT/Received/State                      0 bytes
00:29:06.626 /FT/Sent/Mem                            0 bytes
00:29:06.626 /FT/Sent/State                          0 bytes
00:29:06.626 /FT/Sync/DeltaMem                       0 times
00:29:06.626 /FT/Sync/DeltaVM                        0 times
00:29:06.626 /FT/Sync/Full                           0 times
00:29:06.626 /GMM/VM/Allocated/cBasePages       102516 pages
00:29:06.626 /GMM/VM/Allocated/cFixedPages           0 pages
00:29:06.626 /GMM/VM/Allocated/cShadowPages          0 pages
00:29:06.626 /GMM/VM/Reserved/cBasePages        131230 pages
00:29:06.626 /GMM/VM/Reserved/cFixedPages         3076 pages
00:29:06.626 /GMM/VM/Reserved/cShadowPages           1 pages
00:29:06.626 /GMM/VM/cBalloonedPages                 0 pages
00:29:06.626 /GMM/VM/cMaxBalloonedPages              0 pages
00:29:06.626 /GMM/VM/cPrivatePages              102516 pages
00:29:06.626 /GMM/VM/cReqActuallyBalloonedPages        0 pages
00:29:06.626 /GMM/VM/cReqBalloonedPages              0 pages
00:29:06.626 /GMM/VM/cReqDeflatePages                0 pages
00:29:06.626 /GMM/VM/cShareableModules               0 count
00:29:06.626 /GMM/VM/cSharedPages                    0 pages
00:29:06.626 /GMM/VM/enmPolicy                       1 
00:29:06.626 /GMM/VM/enmPriority                     2 
00:29:06.626 /GMM/VM/fBallooningEnabled       false    
00:29:06.626 /GMM/VM/fMayAllocate             false    
00:29:06.626 /GMM/VM/fSharedPagingEnabled     false    
00:29:06.626 /GMM/cAllocatedPages               102516 pages
00:29:06.626 /GMM/cBalloonedPages                    0 pages
00:29:06.626 /GMM/cChunks                          201 count
00:29:06.626 /GMM/cDuplicatePages                    0 pages
00:29:06.626 /GMM/cFreedChunks                       0 count
00:29:06.626 /GMM/cLeftBehindSharedPages             0 pages
00:29:06.626 /GMM/cMaxPages                   4294967295 pages
00:29:06.626 /GMM/cOverCommittedPages                0 pages
00:29:06.626 /GMM/cReservedPages                134307 pages
00:29:06.626 /GMM/cShareableModules                  0 count
00:29:06.626 /GMM/cSharedPages                       0 pages
00:29:06.626 /GVMM/EMTs                              1 calls
00:29:06.626 /GVMM/HostCPUs                          8 calls
00:29:06.626 /GVMM/HostCpus/0                        0 
00:29:06.626 /GVMM/HostCpus/0/CurTimerHz             0 Hz
00:29:06.626 /GVMM/HostCpus/0/DesiredHz              0 Hz
00:29:06.626 /GVMM/HostCpus/0/PPTChanges          8429 times
00:29:06.626 /GVMM/HostCpus/0/PPTStarts           1155 times
00:29:06.626 /GVMM/HostCpus/0/idxCpuSet              0 
00:29:06.626 /GVMM/HostCpus/1                        1 
00:29:06.626 /GVMM/HostCpus/1/CurTimerHz             0 Hz
00:29:06.626 /GVMM/HostCpus/1/DesiredHz              0 Hz
00:29:06.626 /GVMM/HostCpus/1/PPTChanges          8603 times
00:29:06.626 /GVMM/HostCpus/1/PPTStarts           1148 times
00:29:06.626 /GVMM/HostCpus/1/idxCpuSet              1 
00:29:06.626 /GVMM/HostCpus/2                        2 
00:29:06.626 /GVMM/HostCpus/2/CurTimerHz             0 Hz
00:29:06.626 /GVMM/HostCpus/2/DesiredHz              0 Hz
00:29:06.626 /GVMM/HostCpus/2/PPTChanges             0 times
00:29:06.626 /GVMM/HostCpus/2/PPTStarts              0 times
00:29:06.626 /GVMM/HostCpus/2/idxCpuSet              2 
00:29:06.626 /GVMM/HostCpus/3                        3 
00:29:06.626 /GVMM/HostCpus/3/CurTimerHz             0 Hz
00:29:06.626 /GVMM/HostCpus/3/DesiredHz              0 Hz
00:29:06.626 /GVMM/HostCpus/3/PPTChanges             0 times
00:29:06.626 /GVMM/HostCpus/3/PPTStarts              0 times
00:29:06.626 /GVMM/HostCpus/3/idxCpuSet              3 
00:29:06.626 /GVMM/HostCpus/4                        4 
00:29:06.626 /GVMM/HostCpus/4/CurTimerHz             0 Hz
00:29:06.626 /GVMM/HostCpus/4/DesiredHz              0 Hz
00:29:06.626 /GVMM/HostCpus/4/PPTChanges             0 times
00:29:06.626 /GVMM/HostCpus/4/PPTStarts              0 times
00:29:06.626 /GVMM/HostCpus/4/idxCpuSet              4 
00:29:06.626 /GVMM/HostCpus/5                        5 
00:29:06.626 /GVMM/HostCpus/5/CurTimerHz             0 Hz
00:29:06.626 /GVMM/HostCpus/5/DesiredHz              0 Hz
00:29:06.626 /GVMM/HostCpus/5/PPTChanges             0 times
00:29:06.626 /GVMM/HostCpus/5/PPTStarts              0 times
00:29:06.626 /GVMM/HostCpus/5/idxCpuSet              5 
00:29:06.626 /GVMM/HostCpus/6                        6 
00:29:06.626 /GVMM/HostCpus/6/CurTimerHz             0 Hz
00:29:06.626 /GVMM/HostCpus/6/DesiredHz              0 Hz
00:29:06.626 /GVMM/HostCpus/6/PPTChanges             0 times
00:29:06.626 /GVMM/HostCpus/6/PPTStarts              0 times
00:29:06.626 /GVMM/HostCpus/6/idxCpuSet              6 
00:29:06.626 /GVMM/HostCpus/7                        7 
00:29:06.626 /GVMM/HostCpus/7/CurTimerHz             0 Hz
00:29:06.626 /GVMM/HostCpus/7/DesiredHz              0 Hz
00:29:06.626 /GVMM/HostCpus/7/PPTChanges             0 times
00:29:06.626 /GVMM/HostCpus/7/PPTStarts              0 times
00:29:06.626 /GVMM/HostCpus/7/idxCpuSet              7 
00:29:06.626 /GVMM/Sum/HaltBlocking            3229800 calls
00:29:06.626 /GVMM/Sum/HaltCalls               3231184 calls
00:29:06.626 /GVMM/Sum/HaltNotBlocking            1384 calls
00:29:06.626 /GVMM/Sum/HaltTimeouts            1596223 calls
00:29:06.626 /GVMM/Sum/HaltWakeUps                   0 calls
00:29:06.626 /GVMM/Sum/PokeCalls                  2277 calls
00:29:06.626 /GVMM/Sum/PokeNotBusy                 472 calls
00:29:06.626 /GVMM/Sum/PollCalls                    57 calls
00:29:06.626 /GVMM/Sum/PollHalts                     0 calls
00:29:06.626 /GVMM/Sum/PollWakeUps                   0 calls
00:29:06.626 /GVMM/Sum/WakeUpCalls             1641914 calls
00:29:06.626 /GVMM/Sum/WakeUpNotHalted         1613490 calls
00:29:06.626 /GVMM/Sum/WakeUpWakeUps                 0 calls
00:29:06.626 /GVMM/VM/HaltBlocking             3229800 calls
00:29:06.626 /GVMM/VM/HaltCalls                3231184 calls
00:29:06.626 /GVMM/VM/HaltNotBlocking             1384 calls
00:29:06.626 /GVMM/VM/HaltTimeouts             1596223 calls
00:29:06.626 /GVMM/VM/HaltWakeUps                    0 calls
00:29:06.626 /GVMM/VM/PokeCalls                   2277 calls
00:29:06.626 /GVMM/VM/PokeNotBusy                  472 calls
00:29:06.626 /GVMM/VM/PollCalls                     57 calls
00:29:06.626 /GVMM/VM/PollHalts                      0 calls
00:29:06.626 /GVMM/VM/PollWakeUps                    0 calls
00:29:06.626 /GVMM/VM/WakeUpCalls              1641914 calls
00:29:06.626 /GVMM/VM/WakeUpNotHalted          1613490 calls
00:29:06.626 /GVMM/VM/WakeUpWakeUps                  0 calls
00:29:06.626 /GVMM/VMs                               1 calls
00:29:06.626 /MM/HyperHeap/cbFree              1020352 bytes
00:29:06.626 /MM/HyperHeap/cbHeap              1310400 bytes
00:29:06.626 /PDM/BlkCache/cbCached            5238784 bytes
00:29:06.626 /PDM/BlkCache/cbCachedFru         1167360 bytes
00:29:06.626 /PDM/BlkCache/cbCachedMruIn       4071424 bytes
00:29:06.626 /PDM/BlkCache/cbCachedMruOut      2617344 bytes
00:29:06.626 /PDM/BlkCache/cbMax               5242880 bytes
00:29:06.626 /PDM/CritSects/8237A#0 Auto/ContentionR3        0 times
00:29:06.626 /PDM/CritSects/8237A#0 Auto/ContentionRZLock        0 times
00:29:06.626 /PDM/CritSects/8237A#0 Auto/ContentionRZUnlock        0 times
00:29:06.626 /PDM/CritSects/AHCI#0/ContentionR3        0 times
00:29:06.626 /PDM/CritSects/AHCI#0/ContentionRZLock        0 times
00:29:06.627 /PDM/CritSects/AHCI#0/ContentionRZUnlock        0 times
00:29:06.627 /PDM/CritSects/AudioSniffer#0 Auto/ContentionR3        0 times
00:29:06.627 /PDM/CritSects/AudioSniffer#0 Auto/ContentionRZLock        0 times
00:29:06.627 /PDM/CritSects/AudioSniffer#0 Auto/ContentionRZUnlock        0 times
00:29:06.627 /PDM/CritSects/E1000#0/ContentionR3        0 times
00:29:06.627 /PDM/CritSects/E1000#0/ContentionRZLock        0 times
00:29:06.627 /PDM/CritSects/E1000#0/ContentionRZUnlock        0 times
00:29:06.627 /PDM/CritSects/E1000#0RX/ContentionR3        0 times
00:29:06.627 /PDM/CritSects/E1000#0RX/ContentionRZLock        0 times
00:29:06.627 /PDM/CritSects/E1000#0RX/ContentionRZUnlock        0 times
00:29:06.627 /PDM/CritSects/EM-REM/ContentionR3        0 times
00:29:06.627 /PDM/CritSects/EM-REM/ContentionRZLock        0 times
00:29:06.627 /PDM/CritSects/EM-REM/ContentionRZUnlock        0 times
00:29:06.627 /PDM/CritSects/EmulatedATA0/ContentionR3        0 times
00:29:06.627 /PDM/CritSects/EmulatedATA0/ContentionRZLock        1 times
00:29:06.627 /PDM/CritSects/EmulatedATA0/ContentionRZUnlock        0 times
00:29:06.627 /PDM/CritSects/EmulatedATA1/ContentionR3        0 times
00:29:06.627 /PDM/CritSects/EmulatedATA1/ContentionRZLock        0 times
00:29:06.627 /PDM/CritSects/EmulatedATA1/ContentionRZUnlock        0 times
00:29:06.627 /PDM/CritSects/FTM/ContentionR3         0 times
00:29:06.627 /PDM/CritSects/FTM/ContentionRZLock        0 times
00:29:06.627 /PDM/CritSects/FTM/ContentionRZUnlock        0 times
00:29:06.627 /PDM/CritSects/IOM Lock/ContentionR3        0 times
00:29:06.627 /PDM/CritSects/IOM Lock/ContentionRZLock        0 times
00:29:06.627 /PDM/CritSects/IOM Lock/ContentionRZUnlock        0 times
00:29:06.627 /PDM/CritSects/MM-HYPER/ContentionR3        0 times
00:29:06.627 /PDM/CritSects/MM-HYPER/ContentionRZLock        0 times
00:29:06.627 /PDM/CritSects/MM-HYPER/ContentionRZUnlock        0 times
00:29:06.627 /PDM/CritSects/NOP/ContentionR3         0 times
00:29:06.627 /PDM/CritSects/NOP/ContentionRZLock        0 times
00:29:06.627 /PDM/CritSects/NOP/ContentionRZUnlock        0 times
00:29:06.627 /PDM/CritSects/PDM/ContentionR3         0 times
00:29:06.627 /PDM/CritSects/PDM/ContentionRZLock       82 times
00:29:06.627 /PDM/CritSects/PDM/ContentionRZUnlock        1 times
00:29:06.627 /PDM/CritSects/PGM/ContentionR3         0 times
00:29:06.627 /PDM/CritSects/PGM/ContentionRZLock     1044 times
00:29:06.627 /PDM/CritSects/PGM/ContentionRZUnlock        0 times
00:29:06.627 /PDM/CritSects/PS2KM#0/ContentionR3        0 times
00:29:06.627 /PDM/CritSects/PS2KM#0/ContentionRZLock        0 times
00:29:06.627 /PDM/CritSects/PS2KM#0/ContentionRZUnlock        0 times
00:29:06.627 /PDM/CritSects/REM-Register/ContentionR3        0 times
00:29:06.627 /PDM/CritSects/REM-Register/ContentionRZLock        0 times
00:29:06.627 /PDM/CritSects/REM-Register/ContentionRZUnlock        0 times
00:29:06.627 /PDM/CritSects/TM Timer Lock/ContentionR3        0 times
00:29:06.627 /PDM/CritSects/TM Timer Lock/ContentionRZLock        0 times
00:29:06.627 /PDM/CritSects/TM Timer Lock/ContentionRZUnlock        0 times
00:29:06.627 /PDM/CritSects/TM VirtualSync Lock/ContentionR3        0 times
00:29:06.627 /PDM/CritSects/TM VirtualSync Lock/ContentionRZLock        0 times
00:29:06.627 /PDM/CritSects/TM VirtualSync Lock/ContentionRZUnlock        0 times
00:29:06.627 /PDM/CritSects/VGA#u/ContentionR3        0 times
00:29:06.627 /PDM/CritSects/VGA#u/ContentionRZLock        0 times
00:29:06.627 /PDM/CritSects/VGA#u/ContentionRZUnlock        0 times
00:29:06.627 /PDM/CritSects/VMMDev#0 Auto/ContentionR3        0 times
00:29:06.627 /PDM/CritSects/VMMDev#0 Auto/ContentionRZLock        0 times
00:29:06.627 /PDM/CritSects/VMMDev#0 Auto/ContentionRZUnlock        0 times
00:29:06.627 /PDM/CritSects/VMMDev#u/ContentionR3        0 times
00:29:06.627 /PDM/CritSects/VMMDev#u/ContentionRZLock        0 times
00:29:06.627 /PDM/CritSects/VMMDev#u/ContentionRZUnlock        0 times
00:29:06.627 /PDM/CritSects/acpi0/ContentionR3        0 times
00:29:06.627 /PDM/CritSects/acpi0/ContentionRZLock        0 times
00:29:06.627 /PDM/CritSects/acpi0/ContentionRZUnlock        0 times
00:29:06.627 /PDM/CritSects/ahci#0 Auto/ContentionR3        0 times
00:29:06.627 /PDM/CritSects/ahci#0 Auto/ContentionRZLock        0 times
00:29:06.627 /PDM/CritSects/ahci#0 Auto/ContentionRZUnlock        0 times
00:29:06.627 /PDM/CritSects/e1000#0 Auto/ContentionR3        0 times
00:29:06.627 /PDM/CritSects/e1000#0 Auto/ContentionRZLock        0 times
00:29:06.627 /PDM/CritSects/e1000#0 Auto/ContentionRZUnlock        0 times
00:29:06.627 /PDM/CritSects/i8259#0 Auto/ContentionR3        0 times
00:29:06.627 /PDM/CritSects/i8259#0 Auto/ContentionRZLock        0 times
00:29:06.627 /PDM/CritSects/i8259#0 Auto/ContentionRZUnlock        0 times
00:29:06.627 /PDM/CritSects/mc146818#0 Auto/ContentionR3        0 times
00:29:06.627 /PDM/CritSects/mc146818#0 Auto/ContentionRZLock        0 times
00:29:06.627 /PDM/CritSects/mc146818#0 Auto/ContentionRZUnlock        0 times
00:29:06.627 /PDM/CritSects/pcarch#0 Auto/ContentionR3        0 times
00:29:06.627 /PDM/CritSects/pcarch#0 Auto/ContentionRZLock        0 times
00:29:06.627 /PDM/CritSects/pcarch#0 Auto/ContentionRZUnlock        0 times
00:29:06.627 /PDM/CritSects/pcbios#0 Auto/ContentionR3        0 times
00:29:06.627 /PDM/CritSects/pcbios#0 Auto/ContentionRZLock        0 times
00:29:06.627 /PDM/CritSects/pcbios#0 Auto/ContentionRZUnlock        0 times
00:29:06.627 /PDM/CritSects/pci#0 Auto/ContentionR3        0 times
00:29:06.627 /PDM/CritSects/pci#0 Auto/ContentionRZLock        0 times
00:29:06.627 /PDM/CritSects/pci#0 Auto/ContentionRZUnlock        0 times
00:29:06.627 /PDM/CritSects/pckbd#0 Auto/ContentionR3        0 times
00:29:06.627 /PDM/CritSects/pckbd#0 Auto/ContentionRZLock        0 times
00:29:06.627 /PDM/CritSects/pckbd#0 Auto/ContentionRZUnlock        0 times
00:29:06.627 /PDM/CritSects/pit/ContentionR3         0 times
00:29:06.627 /PDM/CritSects/pit/ContentionRZLock        0 times
00:29:06.627 /PDM/CritSects/pit/ContentionRZUnlock        0 times
00:29:06.627 /PDM/CritSects/vga#0 Auto/ContentionR3        0 times
00:29:06.627 /PDM/CritSects/vga#0 Auto/ContentionRZLock        0 times
00:29:06.627 /PDM/CritSects/vga#0 Auto/ContentionRZUnlock        0 times
00:29:06.627 /PDM/Queue/AHCI-Xmit/AllocFailures        0 times
00:29:06.627 /PDM/Queue/AHCI-Xmit/Flush              0 calls
00:29:06.627 /PDM/Queue/AHCI-Xmit/FlushLeftovers        0 times
00:29:06.627 /PDM/Queue/AHCI-Xmit/Insert         11202 calls
00:29:06.627 /PDM/Queue/AHCI-Xmit/cItems            60 count
00:29:06.627 /PDM/Queue/AHCI-Xmit/cbItem            32 bytes
00:29:06.627 /PDM/Queue/DevHlp/AllocFailures         0 times
00:29:06.627 /PDM/Queue/DevHlp/Flush                 0 calls
00:29:06.627 /PDM/Queue/DevHlp/FlushLeftovers        0 times
00:29:06.627 /PDM/Queue/DevHlp/Insert                0 calls
00:29:06.627 /PDM/Queue/DevHlp/cItems                8 count
00:29:06.627 /PDM/Queue/DevHlp/cbItem               48 bytes
00:29:06.627 /PDM/Queue/E1000-Rcv/AllocFailures        0 times
00:29:06.627 /PDM/Queue/E1000-Rcv/Flush              0 calls
00:29:06.627 /PDM/Queue/E1000-Rcv/FlushLeftovers        0 times
00:29:06.627 /PDM/Queue/E1000-Rcv/Insert            16 calls
00:29:06.627 /PDM/Queue/E1000-Rcv/cItems             1 count
00:29:06.627 /PDM/Queue/E1000-Rcv/cbItem            24 bytes
00:29:06.627 /PDM/Queue/E1000-Xmit/AllocFailures        0 times
00:29:06.627 /PDM/Queue/E1000-Xmit/Flush             0 calls
00:29:06.627 /PDM/Queue/E1000-Xmit/FlushLeftovers        0 times
00:29:06.627 /PDM/Queue/E1000-Xmit/Insert           48 calls
00:29:06.627 /PDM/Queue/E1000-Xmit/cItems            1 count
00:29:06.627 /PDM/Queue/E1000-Xmit/cbItem           24 bytes
00:29:06.627 /PDM/Queue/Keyboard/AllocFailures        0 times
00:29:06.627 /PDM/Queue/Keyboard/Flush               0 calls
00:29:06.627 /PDM/Queue/Keyboard/FlushLeftovers        0 times
00:29:06.627 /PDM/Queue/Keyboard/Insert           1530 calls
00:29:06.627 /PDM/Queue/Keyboard/cItems             64 count
00:29:06.627 /PDM/Queue/Keyboard/cbItem             32 bytes
00:29:06.627 /PDM/Queue/Mouse/AllocFailures          0 times
00:29:06.627 /PDM/Queue/Mouse/Flush                  0 calls
00:29:06.627 /PDM/Queue/Mouse/FlushLeftovers         0 times
00:29:06.627 /PDM/Queue/Mouse/Insert               134 calls
00:29:06.627 /PDM/Queue/Mouse/cItems               128 count
00:29:06.627 /PDM/Queue/Mouse/cbItem                56 bytes
00:29:06.627 /PGM/CPU0/cGuestModeChanges         87295 times
00:29:06.627 /PGM/ChunkR3Map/Mapped                201 count
00:29:06.627 /PGM/ChunkR3Map/Unmapped                0 count
00:29:06.627 /PGM/ChunkR3Map/c                     201 count
00:29:06.627 /PGM/ChunkR3Map/cMax             4294967295 count
00:29:06.627 /PGM/LargePage/Recheck                  0 times
00:29:06.627 /PGM/LargePage/Refused                  0 times
00:29:06.627 /PGM/LargePage/Reused                   0 times
00:29:06.627 /PGM/Page/cAllPages                134213 count
00:29:06.627 /PGM/Page/cBalloonedPages               0 count
00:29:06.627 /PGM/Page/cHandyPages                 120 count
00:29:06.627 /PGM/Page/cLargePages                   0 count
00:29:06.627 /PGM/Page/cLargePagesDisabled           0 count
00:29:06.627 /PGM/Page/cMonitoredPages               0 count
00:29:06.627 /PGM/Page/cPrivatePages            105472 count
00:29:06.627 /PGM/Page/cPureMmioPages               35 count
00:29:06.627 /PGM/Page/cReadLockedPages              0 count
00:29:06.627 /PGM/Page/cReusedSharedPages            0 count
00:29:06.627 /PGM/Page/cSharedPages                  0 count
00:29:06.627 /PGM/Page/cWriteLockedPages             0 count
00:29:06.627 /PGM/Page/cWrittenToPages               0 count
00:29:06.627 /PGM/Page/cZeroPages                28706 count
00:29:06.627 /PGM/ShMod/Check                        0 ticks/call (           0 ticks,       0 times, max         0, min      -1)
00:29:06.627 /PGM/cRelocations                       0 times
00:29:06.627 /PROF/CPU0/EM/Capped                    0 ticks/call (           0 ticks,       0 times, max         0, min      -1)
00:29:06.627 /PROF/CPU0/EM/ForcedActions       1796661 times
00:29:06.627 /PROF/CPU0/EM/Halted              1626754 times
00:29:06.627 /PROF/CPU0/EM/RAWTotal                  0 times
00:29:06.627 /PROF/CPU0/EM/REMTotal              44019 times
00:29:06.627 /PROF/CPU0/EM/Total              5505393586885 ticks/call (5505393586885 ticks,       1 times, max 5505393586885, min 5505393586885)
00:29:06.628 /PROF/VM/CPU0/Halt/Block           481652 ns/call (1556302510555 ticks, 3231176 times, max  29723914, min       1)
00:29:06.628 /PROF/VM/CPU0/Halt/BlockInsomnia        0 ns/call (           0 ticks,       0 times, max         0, min      -1)
00:29:06.628 /PROF/VM/CPU0/Halt/BlockOnTime          0 ns/call (           0 ticks,       0 times, max         0, min      -1)
00:29:06.628 /PROF/VM/CPU0/Halt/BlockOverslept        0 ns/call (           0 ticks,       0 times, max         0, min      -1)
00:29:06.628 /PROF/VM/CPU0/Halt/Timers            2250 ns/call ( 10933325698 ticks, 4858943 times, max   7905507, min       2)
00:29:06.628 /PROF/VM/CPU0/Halt/Yield             2440 ns/call (      139123 ticks,      57 times, max      3390, min    1610)
00:29:06.628 /REM/TbFlushCount                   43647 times
00:29:06.628 /REM/TbPhysInvldCount               43028 times
00:29:06.628 /REM/TlbFlushCount                 429732 times
00:29:06.628 /TM/CPU/00/cNsExecuting          92676182939 ns
00:29:06.628 /TM/CPU/00/cNsHalted             1570004057895 ns
00:29:06.628 /TM/CPU/00/cNsOther              80196030795 ns
00:29:06.628 /TM/CPU/00/cNsTotal              1742876271629 ns
00:29:06.628 /TM/CPU/00/cPeriodsExecuting     18998484 count
00:29:06.628 /TM/CPU/00/cPeriodsHalted         1626424 count
00:29:06.628 /TM/CPU/00/pctExecuting                 3 %
00:29:06.628 /TM/CPU/00/pctHalted                   92 %
00:29:06.628 /TM/CPU/00/pctOther                     3 %
00:29:06.628 /TM/CPU/pctExecuting                    3 %
00:29:06.628 /TM/CPU/pctHalted                      92 %
00:29:06.628 /TM/CPU/pctOther                        3 %
00:29:06.628 /TM/MaxHzHint                           0 Hz
00:29:06.628 /TM/R0/1nsSteps                     13677 times
00:29:06.628 /TM/R3/1nsSteps                     17015 times
00:29:06.628 /TM/TSC/offCPU0                         0 ticks
00:29:06.628 /TM/VirtualSync/CurrentOffset      644905 ns
00:29:06.628 ********************* End of statistics **********************
00:29:06.629 NAT: zone(nm:mbuf, used:1)
00:29:06.629 NAT: zone(nm:mbuf_cluster, used:0)
00:29:06.629 NAT: zone(nm:mbuf_packet, used:0)
00:29:06.629 NAT: zone(nm:mbuf_jumbo_pagesize, used:0)
00:29:06.629 NAT: zone(nm:mbuf_jumbo_9k, used:0)
00:29:06.629 NAT: zone(nm:mbuf_jumbo_16k, used:0)
00:29:06.631 Changing the VM state from 'DESTROYING' to 'TERMINATED'.
